/home/user/miniconda3/envs/rag/lib/python3.9/site-packages/transformers/utils/generic.py:441: FutureWarning: `torch.utils._pytree._register_pytree_node` is deprecated. Please use `torch.utils._pytree.register_pytree_node` instead.
  _torch_pytree._register_pytree_node(
/home/user/miniconda3/envs/rag/lib/python3.9/site-packages/transformers/utils/generic.py:309: FutureWarning: `torch.utils._pytree._register_pytree_node` is deprecated. Please use `torch.utils._pytree.register_pytree_node` instead.
  _torch_pytree._register_pytree_node(
2025-03-18 23:56:25,930 - modelscope - WARNING - Model revision not specified, use revision: v1.1.0
2025-03-18 23:56:27,437 - modelscope - WARNING - Model revision not specified, use revision: v1.1.0
2025-03-18 23:56:28,031 - modelscope - INFO - initiate model from /home/user/.cache/modelscope/hub/models/iic/nlp_gte_sentence-embedding_chinese-base
2025-03-18 23:56:28,031 - modelscope - INFO - initiate model from location /home/user/.cache/modelscope/hub/models/iic/nlp_gte_sentence-embedding_chinese-base.
2025-03-18 23:56:28,032 - modelscope - INFO - initialize model from /home/user/.cache/modelscope/hub/models/iic/nlp_gte_sentence-embedding_chinese-base
/home/user/miniconda3/envs/rag/lib/python3.9/site-packages/transformers/modeling_utils.py:519: FutureWarning: You are using `torch.load` with `weights_only=False` (the current default value), which uses the default pickle module implicitly. It is possible to construct malicious pickle data which will execute arbitrary code during unpickling (See https://github.com/pytorch/pytorch/blob/main/SECURITY.md#untrusted-models for more details). In a future release, the default value for `weights_only` will be flipped to `True`. This limits the functions that could be executed during unpickling. Arbitrary objects will no longer be allowed to be loaded via this mode unless they are explicitly allowlisted by the user via `torch.serialization.add_safe_globals`. We recommend you start setting `weights_only=True` for any use case where you don't have full control of the loaded file. Please open an issue on GitHub for any issues related to this experimental feature.
  return torch.load(checkpoint_file, map_location=map_location)
2025-03-18 23:56:29,130 - modelscope - WARNING - No preprocessor field found in cfg.
2025-03-18 23:56:29,131 - modelscope - WARNING - No val key and type key found in preprocessor domain of configuration.json file.
2025-03-18 23:56:29,131 - modelscope - WARNING - Cannot find available config to build preprocessor at mode inference, current config: {'model_dir': '/home/user/.cache/modelscope/hub/models/iic/nlp_gte_sentence-embedding_chinese-base'}. trying to build by task and model information.
2025-03-18 23:56:29,257 - modelscope - INFO - cuda is not available, using cpu instead.
2025-03-18 23:56:29,262 - modelscope - WARNING - No preprocessor field found in cfg.
2025-03-18 23:56:29,262 - modelscope - WARNING - No val key and type key found in preprocessor domain of configuration.json file.
2025-03-18 23:56:29,262 - modelscope - WARNING - Cannot find available config to build preprocessor at mode inference, current config: {'model_dir': '/home/user/.cache/modelscope/hub/models/iic/nlp_gte_sentence-embedding_chinese-base', 'sequence_length': 512}. trying to build by task and model information.
2025-03-18 23:56:29,587 - modelscope - WARNING - Using branch: master as version is unstable, use with caution
2025-03-18 23:56:30,880 - modelscope - WARNING - Using branch: master as version is unstable, use with caution
/home/user/miniconda3/envs/rag/lib/python3.9/site-packages/transformers/utils/generic.py:309: FutureWarning: `torch.utils._pytree._register_pytree_node` is deprecated. Please use `torch.utils._pytree.register_pytree_node` instead.
  _torch_pytree._register_pytree_node(
2025-03-18 23:56:33,088 - asyncio - DEBUG - Using selector: EpollSelector
INFO:     Started server process [797536]
INFO:     Waiting for application startup.
INFO:     Application startup complete.
INFO:     Uvicorn running on http://0.0.0.0:8000 (Press CTRL+C to quit)
INFO:     Shutting down
INFO:     Waiting for application shutdown.
INFO:     Application shutdown complete.
INFO:     Finished server process [797536]
/home/user/miniconda3/envs/rag/lib/python3.9/site-packages/transformers/utils/generic.py:441: FutureWarning: `torch.utils._pytree._register_pytree_node` is deprecated. Please use `torch.utils._pytree.register_pytree_node` instead.
  _torch_pytree._register_pytree_node(
/home/user/miniconda3/envs/rag/lib/python3.9/site-packages/transformers/utils/generic.py:309: FutureWarning: `torch.utils._pytree._register_pytree_node` is deprecated. Please use `torch.utils._pytree.register_pytree_node` instead.
  _torch_pytree._register_pytree_node(
2025-03-20 07:45:23,901 - modelscope - WARNING - Model revision not specified, use revision: v1.1.0
2025-03-20 07:45:27,946 - modelscope - WARNING - Model revision not specified, use revision: v1.1.0
2025-03-20 07:45:28,364 - modelscope - INFO - initiate model from /home/user/.cache/modelscope/hub/models/iic/nlp_gte_sentence-embedding_chinese-base
2025-03-20 07:45:28,364 - modelscope - INFO - initiate model from location /home/user/.cache/modelscope/hub/models/iic/nlp_gte_sentence-embedding_chinese-base.
2025-03-20 07:45:28,366 - modelscope - INFO - initialize model from /home/user/.cache/modelscope/hub/models/iic/nlp_gte_sentence-embedding_chinese-base
/home/user/miniconda3/envs/rag/lib/python3.9/site-packages/transformers/modeling_utils.py:519: FutureWarning: You are using `torch.load` with `weights_only=False` (the current default value), which uses the default pickle module implicitly. It is possible to construct malicious pickle data which will execute arbitrary code during unpickling (See https://github.com/pytorch/pytorch/blob/main/SECURITY.md#untrusted-models for more details). In a future release, the default value for `weights_only` will be flipped to `True`. This limits the functions that could be executed during unpickling. Arbitrary objects will no longer be allowed to be loaded via this mode unless they are explicitly allowlisted by the user via `torch.serialization.add_safe_globals`. We recommend you start setting `weights_only=True` for any use case where you don't have full control of the loaded file. Please open an issue on GitHub for any issues related to this experimental feature.
  return torch.load(checkpoint_file, map_location=map_location)
2025-03-20 07:45:29,436 - modelscope - WARNING - No preprocessor field found in cfg.
2025-03-20 07:45:29,437 - modelscope - WARNING - No val key and type key found in preprocessor domain of configuration.json file.
2025-03-20 07:45:29,437 - modelscope - WARNING - Cannot find available config to build preprocessor at mode inference, current config: {'model_dir': '/home/user/.cache/modelscope/hub/models/iic/nlp_gte_sentence-embedding_chinese-base'}. trying to build by task and model information.
2025-03-20 07:45:29,496 - modelscope - WARNING - No preprocessor field found in cfg.
2025-03-20 07:45:29,496 - modelscope - WARNING - No val key and type key found in preprocessor domain of configuration.json file.
2025-03-20 07:45:29,496 - modelscope - WARNING - Cannot find available config to build preprocessor at mode inference, current config: {'model_dir': '/home/user/.cache/modelscope/hub/models/iic/nlp_gte_sentence-embedding_chinese-base', 'sequence_length': 512}. trying to build by task and model information.
2025-03-20 07:45:30,192 - modelscope - WARNING - Using branch: master as version is unstable, use with caution
2025-03-20 07:45:31,978 - modelscope - WARNING - Using branch: master as version is unstable, use with caution
/home/user/miniconda3/envs/rag/lib/python3.9/site-packages/transformers/utils/generic.py:309: FutureWarning: `torch.utils._pytree._register_pytree_node` is deprecated. Please use `torch.utils._pytree.register_pytree_node` instead.
  _torch_pytree._register_pytree_node(
2025-03-20 07:45:34,270 - asyncio - DEBUG - Using selector: EpollSelector
INFO:     Started server process [475249]
INFO:     Waiting for application startup.
INFO:     Application startup complete.
INFO:     Uvicorn running on http://0.0.0.0:8000 (Press CTRL+C to quit)
Downloading Model to directory: /home/user/.cache/modelscope/hub/models/iic/nlp_gte_sentence-embedding_chinese-base
Downloading Model to directory: /home/user/.cache/modelscope/hub/models/iic/gte_passage-ranking_multilingual-base
Downloading Model to directory: /home/user/.cache/modelscope/hub/models/iic/gte_passage-ranking_multilingual-base
INFO:     127.0.0.1:45536 - "GET /kb/list HTTP/1.1" 200 OK
INFO:     127.0.0.1:45542 - "GET /kb/list HTTP/1.1" 200 OK
INFO:     127.0.0.1:45550 - "GET /kb/info/test HTTP/1.1" 200 OK
INFO:     127.0.0.1:45562 - "GET /kb/info/test05 HTTP/1.1" 200 OK
INFO:     127.0.0.1:45572 - "GET /kb/info/test03 HTTP/1.1" 200 OK
2025-03-20 07:50:19,626 - core.faiss_connect - INFO - 成功删除集合 test05
INFO:     127.0.0.1:48080 - "DELETE /kb/delete/test05 HTTP/1.1" 200 OK
INFO:     127.0.0.1:48094 - "GET /kb/list HTTP/1.1" 200 OK
INFO:     127.0.0.1:48100 - "GET /kb/list HTTP/1.1" 200 OK
INFO:     127.0.0.1:48102 - "GET /kb/info/test HTTP/1.1" 200 OK
INFO:     127.0.0.1:48116 - "GET /kb/info/test03 HTTP/1.1" 200 OK
2025-03-20 07:50:27,201 - core.faiss_connect - WARNING - 集合 test 的文件注册表为空
获取知识库 test 的文件列表
警告: 集合 test 的文件注册表为空
调试: 集合 test 的文件注册表路径: /home/user/rag_service/db/faiss_indexes/test.files
调试: 文件注册表内容类型: <class 'dict'>
调试: 文件注册表内容: {}
返回的文件信息列表: []
获取到的文件列表: []
INFO:     127.0.0.1:48124 - "GET /kb/files/test HTTP/1.1" 200 OK
2025-03-20 07:50:29,144 - core.faiss_connect - WARNING - 集合 test 的文件注册表为空
获取知识库 test 的文件列表
警告: 集合 test 的文件注册表为空
调试: 集合 test 的文件注册表路径: /home/user/rag_service/db/faiss_indexes/test.files
调试: 文件注册表内容类型: <class 'dict'>
调试: 文件注册表内容: {}
返回的文件信息列表: []
获取到的文件列表: []
INFO:     127.0.0.1:57718 - "GET /kb/files/test HTTP/1.1" 200 OK
2025-03-20 07:50:34,785 - core.faiss_connect - INFO - 成功删除集合 test
INFO:     127.0.0.1:57722 - "DELETE /kb/delete/test HTTP/1.1" 200 OK
INFO:     127.0.0.1:57738 - "GET /kb/list HTTP/1.1" 200 OK
INFO:     127.0.0.1:57748 - "GET /kb/list HTTP/1.1" 200 OK
INFO:     127.0.0.1:57754 - "GET /kb/info/test03 HTTP/1.1" 200 OK
2025-03-20 07:50:37,710 - core.faiss_connect - INFO - 成功删除集合 test03
INFO:     127.0.0.1:57768 - "DELETE /kb/delete/test03 HTTP/1.1" 200 OK
INFO:     127.0.0.1:57772 - "GET /kb/list HTTP/1.1" 200 OK
INFO:     127.0.0.1:57784 - "GET /kb/list HTTP/1.1" 200 OK
/home/user/miniconda3/envs/rag/lib/python3.9/site-packages/gradio_client/documentation.py:106: UserWarning: Could not get documentation group for <class 'gradio.mix.Parallel'>: No known documentation group for module 'gradio.mix'
  warnings.warn(f"Could not get documentation group for {cls}: {exc}")
/home/user/miniconda3/envs/rag/lib/python3.9/site-packages/gradio_client/documentation.py:106: UserWarning: Could not get documentation group for <class 'gradio.mix.Series'>: No known documentation group for module 'gradio.mix'
  warnings.warn(f"Could not get documentation group for {cls}: {exc}")
INFO:     127.0.0.1:55712 - "GET /kb/list HTTP/1.1" 200 OK
INFO:     127.0.0.1:55728 - "GET /kb/list HTTP/1.1" 200 OK
INFO:     Shutting down
INFO:     Waiting for application shutdown.
INFO:     Application shutdown complete.
INFO:     Finished server process [475249]
WARNING:  Invalid HTTP request received.
WARNING:  Invalid HTTP request received.
WARNING:  Invalid HTTP request received.
WARNING:  Invalid HTTP request received.
Running on local URL:  http://0.0.0.0:7890

To create a public link, set `share=True` in `launch()`.
IMPORTANT: You are using gradio version 3.40.1, however version 4.44.1 is available, please upgrade.
--------
获取到的知识库列表: []
获取到的知识库列表: []
获取到的知识库列表: []
获取到的知识库列表: []
获取到的知识库列表: []
获取到的知识库列表: []
获取到的知识库列表: ['c']
获取到的知识库列表: ['c']
获取到的知识库列表: ['c', 'datech']
获取到的知识库列表: ['c', 'datech']
获取到的知识库列表: ['c', 'datech']
获取到的知识库列表: ['c', 'datech']
获取到的知识库列表: ['c', 'datech', '白皮书']
获取到的知识库列表: ['c', 'datech', '白皮书']
{'status': 'success', 'data': []}
{'status': 'success', 'data': []}
{'status': 'success', 'data': [{'text': '', 'score': 0.0, 'metadata': {}}, {'text': '', 'score': 0.0, 'metadata': {}}, {'text': '', 'score': 0.0, 'metadata': {}}, {'text': '', 'score': 0.0, 'metadata': {}}, {'text': '', 'score': 0.0, 'metadata': {}}]}
{'status': 'success', 'data': [{'text': '', 'score': 0.0, 'metadata': {}}, {'text': '', 'score': 0.0, 'metadata': {}}, {'text': '', 'score': 0.0, 'metadata': {}}, {'text': '', 'score': 0.0, 'metadata': {}}, {'text': '', 'score': 0.0, 'metadata': {}}]}
{'status': 'success', 'data': [{'text': '', 'score': 6.6666669845581055, 'metadata': {}}, {'text': '', 'score': 6.6666669845581055, 'metadata': {}}, {'text': '', 'score': 6.6666669845581055, 'metadata': {}}, {'text': '', 'score': 6.6666669845581055, 'metadata': {}}, {'text': '', 'score': 6.6666669845581055, 'metadata': {}}]}
{'status': 'success', 'data': [{'text': '', 'score': 6.6666669845581055, 'metadata': {}}, {'text': '', 'score': 6.6666669845581055, 'metadata': {}}, {'text': '', 'score': 6.6666669845581055, 'metadata': {}}, {'text': '', 'score': 6.6666669845581055, 'metadata': {}}, {'text': '', 'score': 6.6666669845581055, 'metadata': {}}]}
{'status': 'success', 'data': [{'text': '', 'score': 6.6666669845581055, 'metadata': {}}, {'text': '', 'score': 6.6666669845581055, 'metadata': {}}, {'text': '', 'score': 6.6666669845581055, 'metadata': {}}, {'text': '', 'score': 6.6666669845581055, 'metadata': {}}, {'text': '', 'score': 6.6666669845581055, 'metadata': {}}]}
{'status': 'success', 'data': []}
{'status': 'success', 'data': []}
准备从文件导入知识库: 白皮书
文件路径: <tempfile._TemporaryFileWrapper object at 0x7f75353243a0>
分块配置: 方法=text_semantic, 大小=1000, 重叠=200
导入知识库过程中出错: expected str, bytes or os.PathLike object, not _TemporaryFileWrapper
Traceback (most recent call last):
  File "/home/user/rag_service/ui_new.py", line 1158, in load_knowledge_base
    file_ext = os.path.splitext(file_path)[1].lower()
  File "/home/user/miniconda3/envs/rag/lib/python3.9/posixpath.py", line 118, in splitext
    p = os.fspath(p)
TypeError: expected str, bytes or os.PathLike object, not _TemporaryFileWrapper

准备从文件导入知识库: 白皮书
文件路径: <tempfile._TemporaryFileWrapper object at 0x7f75229e7910>
分块配置: 方法=text_semantic, 大小=1000, 重叠=200
导入知识库过程中出错: expected str, bytes or os.PathLike object, not _TemporaryFileWrapper
Traceback (most recent call last):
  File "/home/user/rag_service/ui_new.py", line 1158, in load_knowledge_base
    file_ext = os.path.splitext(file_path)[1].lower()
  File "/home/user/miniconda3/envs/rag/lib/python3.9/posixpath.py", line 118, in splitext
    p = os.fspath(p)
TypeError: expected str, bytes or os.PathLike object, not _TemporaryFileWrapper

准备从文件导入知识库: 白皮书
文件路径: <tempfile._TemporaryFileWrapper object at 0x7f7521749dc0>
分块配置: 方法=text_semantic, 大小=1000, 重叠=200
导入知识库过程中出错: expected str, bytes or os.PathLike object, not _TemporaryFileWrapper
Traceback (most recent call last):
  File "/home/user/rag_service/ui_new.py", line 1158, in load_knowledge_base
    file_ext = os.path.splitext(file_path)[1].lower()
  File "/home/user/miniconda3/envs/rag/lib/python3.9/posixpath.py", line 118, in splitext
    p = os.fspath(p)
TypeError: expected str, bytes or os.PathLike object, not _TemporaryFileWrapper

准备从文件导入知识库: 白皮书
文件路径: <tempfile._TemporaryFileWrapper object at 0x7f75217c8310>
分块配置: 方法=semantic, 大小=1000, 重叠=200
导入知识库过程中出错: expected str, bytes or os.PathLike object, not _TemporaryFileWrapper
Traceback (most recent call last):
  File "/home/user/rag_service/ui_new.py", line 1158, in load_knowledge_base
    file_ext = os.path.splitext(file_path)[1].lower()
  File "/home/user/miniconda3/envs/rag/lib/python3.9/posixpath.py", line 118, in splitext
    p = os.fspath(p)
TypeError: expected str, bytes or os.PathLike object, not _TemporaryFileWrapper

获取到的知识库列表: ['test', 'c', 'datech', 'test05', '白皮书', 'test03']
获取到的知识库列表: ['test', 'c', 'datech', 'test05', '白皮书', 'test03']
{'status': 'success', 'data': [{'file_name': 'd8dc0dc6_004d6f00d4.docx', 'file_path': '/home/user/rag_service/temp_files/d8dc0dc6_004d6f00d4.docx', 'add_time': '2025-03-20 14:06:42', 'chunks_count': 7, 'file_size': 0}, {'file_name': 'fc36e295_02a86af11f.docx', 'file_path': '/home/user/rag_service/temp_files/fc36e295_02a86af11f.docx', 'add_time': '2025-03-20 14:06:44', 'chunks_count': 9, 'file_size': 0}]}
获取到的知识库列表: ['test', 'c', 'datech', 'test05', '白皮书', 'test03']
获取到的知识库列表: ['test', 'c', 'datech', 'test05', '白皮书', 'test03']
{'status': 'success', 'data': [{'file_name': 'd8dc0dc6_004d6f00d4.docx', 'file_path': '/home/user/rag_service/temp_files/d8dc0dc6_004d6f00d4.docx', 'add_time': '2025-03-20 14:06:42', 'chunks_count': 7, 'file_size': 0}, {'file_name': 'fc36e295_02a86af11f.docx', 'file_path': '/home/user/rag_service/temp_files/fc36e295_02a86af11f.docx', 'add_time': '2025-03-20 14:06:44', 'chunks_count': 9, 'file_size': 0}]}
已选择文件路径: /home/user/rag_service/temp_files/fc36e295_02a86af11f.docx
已选择文件路径: /home/user/rag_service/temp_files/d8dc0dc6_004d6f00d4.docx
{'status': 'success', 'data': [{'text': '版权声明\n西安得安信息科技有限公司（以下简称“西安得安”）拥有对本材料及其中内容的全部知识产权，受法律保护。未经西安得安书面许可，任何单位和个人不得以任何方式或理由对本材料的任何部分进行复制、修改、抄录、传播，或向第三方分发。本文档的内容将做不定期性的变动，且不会另行通知。更改的内容将不会补充到本文档，且会在发行新版本时予以更新。本公司不做任何明示或默许担保，其中包括本文档的内容的适售性或符合特定使用目的的默许担保。任何个人或实体因本文档提供的信息造成的任何损失或损害，西安得安不承担任何义务或责任。本材料以及其修改权、更新权及最终解释权均属西安得安。产品概述\n产品简介\nSSL应用安全网关是由西安得安独立开发研制的高性能密码安全设备，遵循国家密码管理局颁布的《GM/T 0025-2014 SSL VPN网关产品规范》，通过国家密码管理局检测鉴定并获得商用密码产品型号证书，具有完全自主知识产权的安全网关产品。该产品主要包括以下几大功能：可信身份认证、加密传输、角色授权、应用代理等，并包含基本访问控制功能。自主可控，性能强大，扩展性好，易于管理。SSL安全网关内置经国家密码管理局审批的高速密码芯片，全面支持SM1、SM2、SM3、SM4密码算法，满足SSL规范设计标准，所有密码运算均由内置高速密码芯片实现，完全释放主机CPU性能，为用户提供安全、高效的密码应用服务。SSL应用安全网关可用于保护企业内部网络免受恶意攻击、数据泄露和未经授权访问的威胁。它可以检测和阻止恶意软件、病毒和入侵尝试，并提供强大的身份验证和访问控制功能。SSL应用安全网关通过使用SSL/TLS协议对数据进行加密，确保敏感信息在传输过程中不被窃听或篡改。这使得它成为保护在线交易、电子邮件、文件共享等敏感信息的理想选择。SSL应用安全网关还可以提供对Web应用程序的保护，包括防止跨站脚本攻击（XSS）、SQL注入和DDoS攻击等常见威胁。它能够检测和过滤恶意请求，并提供Web应用程序防火墙功能。产品定位\n针对敏感信息防窃听和篡改：SSL应用网关作为一种网络安全解决方案，其核心目标是提供高级的安全保护。它通过使用SSL/TLS协议对数据进行加密，防止敏感信息在传输过程中被窃听或篡改。它还可以检测和阻止恶意软件、病毒和入侵尝试，并提供强大的身份验证和访问控制功能。', 'score': 12.949797630310059, 'metadata': {'text': '版权声明\n西安得安信息科技有限公司（以下简称“西安得安”）拥有对本材料及其中内容的全部知识产权，受法律保护。未经西安得安书面许可，任何单位和个人不得以任何方式或理由对本材料的任何部分进行复制、修改、抄录、传播，或向第三方分发。本文档的内容将做不定期性的变动，且不会另行通知。更改的内容将不会补充到本文档，且会在发行新版本时予以更新。本公司不做任何明示或默许担保，其中包括本文档的内容的适售性或符合特定使用目的的默许担保。任何个人或实体因本文档提供的信息造成的任何损失或损害，西安得安不承担任何义务或责任。本材料以及其修改权、更新权及最终解释权均属西安得安。产品概述\n产品简介\nSSL应用安全网关是由西安得安独立开发研制的高性能密码安全设备，遵循国家密码管理局颁布的《GM/T 0025-2014 SSL VPN网关产品规范》，通过国家密码管理局检测鉴定并获得商用密码产品型号证书，具有完全自主知识产权的安全网关产品。该产品主要包括以下几大功能：可信身份认证、加密传输、角色授权、应用代理等，并包含基本访问控制功能。自主可控，性能强大，扩展性好，易于管理。SSL安全网关内置经国家密码管理局审批的高速密码芯片，全面支持SM1、SM2、SM3、SM4密码算法，满足SSL规范设计标准，所有密码运算均由内置高速密码芯片实现，完全释放主机CPU性能，为用户提供安全、高效的密码应用服务。SSL应用安全网关可用于保护企业内部网络免受恶意攻击、数据泄露和未经授权访问的威胁。它可以检测和阻止恶意软件、病毒和入侵尝试，并提供强大的身份验证和访问控制功能。SSL应用安全网关通过使用SSL/TLS协议对数据进行加密，确保敏感信息在传输过程中不被窃听或篡改。这使得它成为保护在线交易、电子邮件、文件共享等敏感信息的理想选择。SSL应用安全网关还可以提供对Web应用程序的保护，包括防止跨站脚本攻击（XSS）、SQL注入和DDoS攻击等常见威胁。它能够检测和过滤恶意请求，并提供Web应用程序防火墙功能。产品定位\n针对敏感信息防窃听和篡改：SSL应用网关作为一种网络安全解决方案，其核心目标是提供高级的安全保护。它通过使用SSL/TLS协议对数据进行加密，防止敏感信息在传输过程中被窃听或篡改。它还可以检测和阻止恶意软件、病毒和入侵尝试，并提供强大的身份验证和访问控制功能。', 'sentences': ['版权声明\n西安得安信息科技有限公司（以下简称“西安得安”）拥有对本材料及其中内容的全部知识产权，受法律保护。', '未经西安得安书面许可，任何单位和个人不得以任何方式或理由对本材料的任何部分进行复制、修改、抄录、传播，或向第三方分发。', '本文档的内容将做不定期性的变动，且不会另行通知。', '更改的内容将不会补充到本文档，且会在发行新版本时予以更新。', '本公司不做任何明示或默许担保，其中包括本文档的内容的适售性或符合特定使用目的的默许担保。', '任何个人或实体因本文档提供的信息造成的任何损失或损害，西安得安不承担任何义务或责任。', '本材料以及其修改权、更新权及最终解释权均属西安得安。', '产品概述\n产品简介\nSSL应用安全网关是由西安得安独立开发研制的高性能密码安全设备，遵循国家密码管理局颁布的《GM/T 0025-2014 SSL VPN网关产品规范》，通过国家密码管理局检测鉴定并获得商用密码产品型号证书，具有完全自主知识产权的安全网关产品。', '该产品主要包括以下几大功能：可信身份认证、加密传输、角色授权、应用代理等，并包含基本访问控制功能。', '自主可控，性能强大，扩展性好，易于管理。', 'SSL安全网关内置经国家密码管理局审批的高速密码芯片，全面支持SM1、SM2、SM3、SM4密码算法，满足SSL规范设计标准，所有密码运算均由内置高速密码芯片实现，完全释放主机CPU性能，为用户提供安全、高效的密码应用服务。', 'SSL应用安全网关可用于保护企业内部网络免受恶意攻击、数据泄露和未经授权访问的威胁。', '它可以检测和阻止恶意软件、病毒和入侵尝试，并提供强大的身份验证和访问控制功能。', 'SSL应用安全网关通过使用SSL/TLS协议对数据进行加密，确保敏感信息在传输过程中不被窃听或篡改。', '这使得它成为保护在线交易、电子邮件、文件共享等敏感信息的理想选择。', 'SSL应用安全网关还可以提供对Web应用程序的保护，包括防止跨站脚本攻击（XSS）、SQL注入和DDoS攻击等常见威胁。', '它能够检测和过滤恶意请求，并提供Web应用程序防火墙功能。', '产品定位\n针对敏感信息防窃听和篡改：SSL应用网关作为一种网络安全解决方案，其核心目标是提供高级的安全保护。', '它通过使用SSL/TLS协议对数据进行加密，防止敏感信息在传输过程中被窃听或篡改。', '它还可以检测和阻止恶意软件、病毒和入侵尝试，并提供强大的身份验证和访问控制功能。'], 'metadata': {'char_count': 977, 'sentence_count': 20, 'file_name': 'd8dc0dc6_004d6f00d4.docx', 'file_path': '/home/user/rag_service/temp_files/d8dc0dc6_004d6f00d4.docx'}, 'embedding': [-0.010299731977283955, -0.034136321395635605, -0.002320747822523117, -0.02668723464012146, -0.009953030385077, -0.039521194994449615, -0.0024519290309399366, -0.0653248280286789, 0.04272264242172241, 0.043855052441358566, 0.024200424551963806, 0.06951886415481567, 0.0169255081564188, -0.06412918865680695, 0.04035690799355507, 0.0074922265484929085, -0.013561416417360306, -0.05359170585870743, -0.06886806339025497, -0.0019582684617489576, 0.006767960265278816, -0.010266255587339401, 0.014297977089881897, 0.009152686223387718, 0.014461014419794083, 0.03996650502085686, 0.05965080112218857, -0.016586700454354286, 0.01129385456442833, -0.028540529310703278, -0.03626307100057602, 0.0805683434009552, -0.029026590287685394, -0.03403926640748978, -0.02393137663602829, 0.021172257140278816, -0.11416484415531158, 0.012954503297805786, -0.0004523324896581471, -0.016258709132671356, -0.03753897547721863, -0.0020750376861542463, -8.980330312624574e-05, 0.019367529079318047, -0.031128661707043648, 0.05646210163831711, 0.02695845626294613, -0.001130091492086649, 0.00010282631410518661, -0.015022996813058853, -0.0021146247163414955, 0.18150262534618378, 0.0385262668132782, -0.031278498470783234, -0.011361019685864449, 0.030189741402864456, -0.021139325574040413, 0.011349649168550968, -0.03275994583964348, -0.009119709022343159, -0.02847984991967678, -0.009060433134436607, 0.026897815987467766, -0.08525364845991135, -0.05672603100538254, -0.010062729008495808, -0.09108635783195496, -0.02092333510518074, 0.03210500627756119, -0.00015031013754196465, -0.006011998280882835, 0.008598596788942814, -0.005662105046212673, -0.01514314766973257, 0.0781293734908104, -0.018289724364876747, -0.006224620621651411, -0.026061229407787323, -0.008559382520616055, -0.07495453953742981, -0.012025628238916397, 0.01636636257171631, -0.014176545664668083, 0.0018510951194912195, -0.0002918722457252443, -0.03518466651439667, -0.023267896845936775, 0.06744100153446198, -0.021560421213507652, -0.0076026394963264465, -0.04977641627192497, 0.03065445087850094, 0.028359336778521538, -0.005898561794310808, -0.035200681537389755, -0.015213580802083015, 0.018372993916273117, 0.07535488903522491, -0.0037289895117282867, 0.040346018970012665, -0.011779229156672955, 0.06795021146535873, 0.022672154009342194, 0.010449201799929142, -0.025918224826455116, -0.003194154240190983, 0.07068664580583572, -0.030549829825758934, -0.029157938435673714, -0.033874329179525375, -0.04887250065803528, 0.02582884579896927, 0.08763027936220169, 0.04161786660552025, -0.007971340790390968, 0.013591273687779903, 0.02331368252635002, -0.014996480196714401, 0.06063692271709442, -0.004181572701781988, -0.005849004257470369, -0.049340229481458664, 0.05328892916440964, -0.03625272586941719, -0.012358605861663818, -0.014461188577115536, 0.019587930291891098, 0.023105913773179054, -0.006334471050649881, -0.0007333332323469222, -0.02875237539410591, 0.041014838963747025, 0.019989538937807083, -0.03522567078471184, -0.008892943151295185, -0.03497064486145973, 0.005200314801186323, -0.010490157641470432, -0.006548293400555849, 0.08200705051422119, -0.037629980593919754, 0.00348629686050117, -0.07563845813274384, -0.0009398985421285033, -0.013545089401304722, 0.0021147066727280617, -0.01197163574397564, 0.0030478336848318577, -0.03229160234332085, -0.02737494744360447, -0.005416824948042631, -0.03160663694143295, 0.009378715418279171, -0.006445412989705801, -0.04475914686918259, -0.026648301631212234, 0.04011612385511398, 0.07154438644647598, -0.028208520263433456, -0.06999462097883224, -0.027864545583724976, -0.002071473514661193, -0.037043385207653046, 0.002245536306872964, -0.03213101997971535, 0.03107335977256298, 0.03135314956307411, -0.02748536318540573, 0.028941895812749863, -0.05818406492471695, -0.008472383953630924, 0.0020678984001278877, -0.009801753796637058, 0.0542512908577919, 0.025170564651489258, -0.018052786588668823, -0.009292406029999256, -0.013322084210813046, 0.02582005225121975, 0.007885366678237915, 0.019863029941916466, -0.007526795845478773, 0.004769549239426851, -0.005655356682837009, -0.0629042387008667, 0.041764143854379654, 0.020223580300807953, 0.015285014174878597, 0.007349148392677307, 0.0162640530616045, -0.015790274366736412, 0.006397657562047243, -0.034754443913698196, -0.062489308416843414, 0.01078228373080492, 0.01331455446779728, -0.004291398450732231, 0.04055703431367874, 0.018119314685463905, -0.005651048384606838, -0.02466963231563568, 0.017240945249795914, -0.005138826090842485, -0.004533173982053995, -0.0022649825550615788, 0.04017704352736473, -0.025881905108690262, -0.012645567767322063, -0.017286647111177444, 0.0010587305296212435, 0.014589888975024223, 0.026654699817299843, -0.004890714772045612, 0.013634697534143925, 0.01592031680047512, -0.011751661077141762, -0.06695515662431717, -0.015087037347257137, -0.01734682358801365, -0.04801036790013313, -0.013514162041246891, 0.012516534887254238, 0.0268708448857069, -0.005691854748874903, -0.04260840266942978, 0.021805744618177414, -0.018262360244989395, -0.015585003420710564, -0.007719497196376324, 0.04126894101500511, 0.00874850619584322, -0.034683648496866226, -0.01781313493847847, 0.03609591722488403, -0.03321610391139984, 0.003041671123355627, 0.014343323186039925, -0.02485867217183113, -0.003635571338236332, 0.004127881024032831, 0.04091358184814453, -0.006295179948210716, -0.08115694671869278, -0.015620495192706585, -0.005358982365578413, -0.003148983931168914, 0.002271251752972603, -0.0032574681099504232, -0.04715496301651001, -0.020941244438290596, -0.021538563072681427, -0.009381363168358803, -0.014836544170975685, 0.0038074643816798925, 0.025542786344885826, -0.043961312621831894, -0.012936619110405445, -0.07445472478866577, 0.061863601207733154, -0.01872314140200615, -0.02640250325202942, 0.002197896596044302, 0.02862776815891266, -0.014265323057770729, 0.05024033784866333, 0.011752829886972904, -0.009498989209532738, 0.04623345285654068, 0.028919221833348274, -0.005303851328790188, 0.04307203367352486, -0.007857659831643105, 0.002003561705350876, 0.0806056559085846, -0.05933007597923279, 0.03138894587755203, 0.020064132288098335, 0.022327624261379242, -0.026744477450847626, -0.04445340111851692, -0.05208802968263626, -0.09496589750051498, 0.008027651347219944, -0.019292356446385384, 0.009143135510385036, -0.030539846047759056, -0.02433880977332592, -0.012594330124557018, -0.016832564026117325, 0.0037472653202712536, -0.027531277388334274, 0.0045751724392175674, -0.03688478097319603, -0.007807475980371237, 0.21301203966140747, -0.005434287246316671, 0.0177775826305151, 0.014644408598542213, 0.016756955534219742, 0.04052554443478584, 0.009952375665307045, 0.018208874389529228, -0.008153984323143959, 0.018782762810587883, 0.004585258197039366, -0.034250061959028244, -0.013032612390816212, -0.0006795779918320477, -0.01401352509856224, -0.029738612473011017, -0.023121774196624756, 0.0036952642258256674, 0.007075761444866657, -0.03446735069155693, 0.021014517173171043, -0.01405905932188034, -0.010140197351574898, 0.0266446303576231, -0.07526741176843643, 0.010416336357593536, -0.04076467454433441, -0.05614491179585457, 0.005395753774791956, -0.0002833209000527859, 0.019734647125005722, 0.04269104823470116, -0.013124505989253521, -0.034920912235975266, -0.04283899813890457, 0.05994410067796707, 0.13551627099514008, -0.034907080233097076, -0.011468770913779736, 0.007325252052396536, -0.0010171561734750867, -0.007395260501652956, 0.027054784819483757, 0.02509043924510479, 0.05356811732053757, -0.0029701462481170893, 0.030045833438634872, 0.10131283104419708, -0.0035916538909077644, 0.016867371276021004, -0.0017232662066817284, -0.012178247794508934, 0.062481239438056946, -0.05366026237607002, -0.017212310805916786, 0.011315385811030865, -0.08474182337522507, -0.01682044193148613, -0.0195773933082819, 0.009731398895382881, 0.01176791824400425, -0.03044699877500534, -0.04399362951517105, 0.001283905585296452, 0.01700812764465809, 0.02937105856835842, 0.045969538390636444, 0.009999682195484638, -0.007397204637527466, -0.021764323115348816, -0.021562982350587845, 0.031133392825722694, 0.02551855705678463, 0.08955883234739304, 0.0032860352657735348, -0.02255932427942753, 0.12494254112243652, -0.012611336074769497, -0.014738984405994415, 0.06467609852552414, 0.0025516983587294817, -0.00802833866328001, 0.01330565195530653, -0.012064991518855095, -0.02321227267384529, 0.0012834202498197556, 0.017694011330604553, -0.00047569305752404034, -0.02822980098426342, 0.058571070432662964, -0.0068997573107481, 0.015625759959220886, -0.014544249512255192, -0.11051896959543228, -0.0766516774892807, -0.03945619612932205, 0.001532964059151709, -0.010579361580312252, 0.013241124339401722, 0.0020615104585886, 0.00044046444236300886, -0.01815563254058361, -0.029893137514591217, 0.021251488476991653, 0.051080621778964996, 0.058391813188791275, 0.059575315564870834, 0.013878243044018745, 0.015777118504047394, -0.024395693093538284, 0.007009988185018301, -0.018446674570441246, -0.014367061667144299, -0.0006368141621351242, 0.03440443426370621, -0.010489031672477722, -0.052553776651620865, 0.026185423135757446, -0.0452815443277359, -0.018479183316230774, 0.07808136194944382, 0.039588812738657, 0.04229763522744179, -0.0008335771854035556, 0.052478644996881485, -0.04866991192102432, 0.022709159180521965, -0.017542880028486252, 0.0012278956128284335, -0.020412513986229897, -0.006439233664423227, -0.006965026259422302, 0.00547770643606782, -0.010600869543850422, 0.01897888071835041, -0.014815771020948887, -0.014792678877711296, -0.00782796461135149, -0.021951407194137573, 0.02205093763768673, 0.026869891211390495, 0.024131333455443382, 0.021669454872608185, 0.04906908795237541, 0.036495402455329895, -0.02841707319021225, -0.019205927848815918, -0.004448722582310438, 0.031008828431367874, -0.06831109523773193, 0.004283558577299118, -0.03708049654960632, 0.06279299408197403, 0.005413508042693138, -0.03393189236521721, -0.0021200692281126976, 0.0352926105260849, 0.05242643132805824, -0.10080696642398834, 0.00823293998837471, -0.017384208738803864, -0.002651483751833439, -0.005016557406634092, -0.06565540283918381, -0.05311036854982376, -0.018919551745057106, 0.005205878056585789, 0.01499409880489111, -0.014831507578492165, -0.0009901884477585554, -0.034589171409606934, 0.06996561586856842, -0.03886532410979271, 0.06974957138299942, 0.01472810935229063, -0.02595621533691883, 0.011494212783873081, -0.03776072338223457, -0.005444879177957773, 0.009574406780302525, -0.014546200633049011, 0.02259065955877304, 0.009462345391511917, -0.033593837171792984, -0.04455730691552162, -0.07391689717769623, 0.048515886068344116, 0.016543133184313774, 0.009238283149898052, -0.03806173801422119, -0.001880150637589395, 0.01580231264233589, 0.03693167120218277, -0.008524487726390362, 0.03805527836084366, -0.057366348803043365, -0.050847768783569336, -0.004314340651035309, 0.07595612108707428, -0.040500443428754807, 0.004895147401839495, 0.03608043119311333, -0.008757836185395718, 0.10844749957323074, -0.025083055719733238, 0.003345521166920662, -0.006400124169886112, -0.013280943967401981, 0.01769259385764599, 0.004413277376443148, 0.045650165528059006, -0.036320760846138, 0.06181257590651512, 0.008930707350373268, 0.045289020985364914, -0.004789379425346851, 0.04209759086370468, -0.023678073659539223], 'file_path': '/home/user/rag_service/temp_files/d8dc0dc6_004d6f00d4.docx'}}, {'text': 'DA-IOTS-SVPN综合安全网关产品全面支持标准PKI体系结构，既能够通过内置的CA模块独立为用户签发数字证书，又能够通过导入CA根证书＋CRL列表方式对第三方CA签发的证书进行认证，同时还能够通过OCSP/LDAP等标准协议向第三方CA提交在线证书认证请求。具体PKI功能包括：\n支持标准X509.V3格式数字证书；\n支持DER、PEM、PKCS12等多种证书编码格式；\n支持通过内置CA模块为用户签发标准数字证书；\n支持同时导入多个CA根证书和CRL列表，对不同CA签发证书进行认证；\n支持生成PKCS10格式的证书请求，可生成证书请求，由第三方CA签名；\n支持CRL列表文件的导入和通过HTTP自动下载。VPN产品与国内主要CA厂商有着长期的合作，DA-IOTS-SVPN综合安全网关与这些厂商的CA系统均能够无缝集成。安全多样的日志审计和流量监测功能提供决策分析\nDA-IOTS-SVPN综合安全网关支持丰富多样的日志类型审计，包括管理日志、系统日志、操作日志、IPSec隧道状态、SSL连接状态、SSL VPN连接状态以及高可用性日志，全面覆盖，发生异常情况时能够帮助管理员精准溯源。DA-IOTS-SVPN综合安全网关依靠强大的网络监测和数据包分析技术，可以实时监测数据流量的动态走向，为异常流量和数据安全传输提供及时可靠的决策分析。多级分权分级管理策略提高安全访问级别\nDA-IOTS-SVPN综合安全网关采用分级、分权管理策略，具备独立的系统管理员、安全管理员、审计管理员角色，不同管理员之间权限分离。管理员和普通用户需持有智能密码钥匙和登录口令相结合的“双因子”认证方式，进行可信身份鉴别后才能登录系统。同时安全网关设有黑白名单访问控制功能，严防非法用户访问，提高安全访问等级。产品功能\n部署方式\nDA-IOTS-SVPN VPN综合安全网关支持国密标准的IPSec和SSL协议，高性能基础软、硬件平台，满足重要行业和领域的异地局域网互联、移动办公接入、平台访问控制等安全需求，实现用户可信身份认证、数据加密传输等功能。典型组网部署如下图所示：  \n部署说明：DA-IOTS-SVPN 综合安全网关产品部署方式灵活，可以根据客户现有网络架构进行灵活部署，尽量减少了客户现有网络的变动，保证了整个网络的安全性及稳定性。VPN综合安全网关一般部署于DMZ区或互联网接入区。', 'score': 9.679329872131348, 'metadata': {'text': 'DA-IOTS-SVPN综合安全网关产品全面支持标准PKI体系结构，既能够通过内置的CA模块独立为用户签发数字证书，又能够通过导入CA根证书＋CRL列表方式对第三方CA签发的证书进行认证，同时还能够通过OCSP/LDAP等标准协议向第三方CA提交在线证书认证请求。具体PKI功能包括：\n支持标准X509.V3格式数字证书；\n支持DER、PEM、PKCS12等多种证书编码格式；\n支持通过内置CA模块为用户签发标准数字证书；\n支持同时导入多个CA根证书和CRL列表，对不同CA签发证书进行认证；\n支持生成PKCS10格式的证书请求，可生成证书请求，由第三方CA签名；\n支持CRL列表文件的导入和通过HTTP自动下载。VPN产品与国内主要CA厂商有着长期的合作，DA-IOTS-SVPN综合安全网关与这些厂商的CA系统均能够无缝集成。安全多样的日志审计和流量监测功能提供决策分析\nDA-IOTS-SVPN综合安全网关支持丰富多样的日志类型审计，包括管理日志、系统日志、操作日志、IPSec隧道状态、SSL连接状态、SSL VPN连接状态以及高可用性日志，全面覆盖，发生异常情况时能够帮助管理员精准溯源。DA-IOTS-SVPN综合安全网关依靠强大的网络监测和数据包分析技术，可以实时监测数据流量的动态走向，为异常流量和数据安全传输提供及时可靠的决策分析。多级分权分级管理策略提高安全访问级别\nDA-IOTS-SVPN综合安全网关采用分级、分权管理策略，具备独立的系统管理员、安全管理员、审计管理员角色，不同管理员之间权限分离。管理员和普通用户需持有智能密码钥匙和登录口令相结合的“双因子”认证方式，进行可信身份鉴别后才能登录系统。同时安全网关设有黑白名单访问控制功能，严防非法用户访问，提高安全访问等级。产品功能\n部署方式\nDA-IOTS-SVPN VPN综合安全网关支持国密标准的IPSec和SSL协议，高性能基础软、硬件平台，满足重要行业和领域的异地局域网互联、移动办公接入、平台访问控制等安全需求，实现用户可信身份认证、数据加密传输等功能。典型组网部署如下图所示：  \n部署说明：DA-IOTS-SVPN 综合安全网关产品部署方式灵活，可以根据客户现有网络架构进行灵活部署，尽量减少了客户现有网络的变动，保证了整个网络的安全性及稳定性。VPN综合安全网关一般部署于DMZ区或互联网接入区。', 'sentences': ['DA-IOTS-SVPN综合安全网关产品全面支持标准PKI体系结构，既能够通过内置的CA模块独立为用户签发数字证书，又能够通过导入CA根证书＋CRL列表方式对第三方CA签发的证书进行认证，同时还能够通过OCSP/LDAP等标准协议向第三方CA提交在线证书认证请求。', '具体PKI功能包括：\n支持标准X509.', 'V3格式数字证书；\n支持DER、PEM、PKCS12等多种证书编码格式；\n支持通过内置CA模块为用户签发标准数字证书；\n支持同时导入多个CA根证书和CRL列表，对不同CA签发证书进行认证；\n支持生成PKCS10格式的证书请求，可生成证书请求，由第三方CA签名；\n支持CRL列表文件的导入和通过HTTP自动下载。', 'VPN产品与国内主要CA厂商有着长期的合作，DA-IOTS-SVPN综合安全网关与这些厂商的CA系统均能够无缝集成。', '安全多样的日志审计和流量监测功能提供决策分析\nDA-IOTS-SVPN综合安全网关支持丰富多样的日志类型审计，包括管理日志、系统日志、操作日志、IPSec隧道状态、SSL连接状态、SSL VPN连接状态以及高可用性日志，全面覆盖，发生异常情况时能够帮助管理员精准溯源。', 'DA-IOTS-SVPN综合安全网关依靠强大的网络监测和数据包分析技术，可以实时监测数据流量的动态走向，为异常流量和数据安全传输提供及时可靠的决策分析。', '多级分权分级管理策略提高安全访问级别\nDA-IOTS-SVPN综合安全网关采用分级、分权管理策略，具备独立的系统管理员、安全管理员、审计管理员角色，不同管理员之间权限分离。', '管理员和普通用户需持有智能密码钥匙和登录口令相结合的“双因子”认证方式，进行可信身份鉴别后才能登录系统。', '同时安全网关设有黑白名单访问控制功能，严防非法用户访问，提高安全访问等级。', '产品功能\n部署方式\nDA-IOTS-SVPN VPN综合安全网关支持国密标准的IPSec和SSL协议，高性能基础软、硬件平台，满足重要行业和领域的异地局域网互联、移动办公接入、平台访问控制等安全需求，实现用户可信身份认证、数据加密传输等功能。', '典型组网部署如下图所示：  \n部署说明：DA-IOTS-SVPN 综合安全网关产品部署方式灵活，可以根据客户现有网络架构进行灵活部署，尽量减少了客户现有网络的变动，保证了整个网络的安全性及稳定性。', 'VPN综合安全网关一般部署于DMZ区或互联网接入区。'], 'metadata': {'char_count': 995, 'sentence_count': 12, 'file_name': 'fc36e295_02a86af11f.docx', 'file_path': '/home/user/rag_service/temp_files/fc36e295_02a86af11f.docx'}, 'embedding': [0.009587549604475498, -0.04942091181874275, 0.004612548742443323, -0.04988417029380798, 0.0010623621055856347, -0.029230885207653046, -0.00699759554117918, -0.01054003369063139, 0.05094606801867485, -0.04134086146950722, -0.03144429251551628, 0.007283272221684456, 0.025483880192041397, -0.10607051849365234, 0.011365908198058605, 0.021489756181836128, -0.003985875751823187, 0.004555669147521257, -0.05791429057717323, -0.01193946972489357, -0.021989978849887848, -0.030923446640372276, 0.013931275345385075, 0.0016889356775209308, -0.035806380212306976, 0.003912319429218769, -0.004049774259328842, -0.023856278508901596, -0.008064561523497105, -0.04712445288896561, -0.006314561702311039, 0.09123988449573517, 0.0008801372023299336, -0.03489380329847336, -0.016084570437669754, 0.03610297664999962, -0.08383382856845856, -0.002071877708658576, 0.0007940822397358716, 0.017991965636610985, 0.0048371064476668835, -0.006695334333926439, -0.005583011079579592, 0.03869308903813362, 0.0004590357712004334, 0.020794430747628212, 0.037320077419281006, -0.005249484442174435, -0.020993538200855255, 0.007087571080774069, 0.03184138238430023, 0.2177889496088028, 0.019109800457954407, 0.007608240470290184, -0.041418060660362244, 0.007966522127389908, 0.021934255957603455, 0.04745076224207878, -0.04965899512171745, -0.016066795215010643, -0.0379624217748642, -0.015315966680645943, 0.03530045598745346, -0.06624896079301834, -0.02065236121416092, -0.021263405680656433, -0.029763566330075264, -0.030764738097786903, -0.008616487495601177, -0.048082150518894196, -0.061686400324106216, 0.06774954497814178, -0.05852804705500603, -0.05387446656823158, 0.024977268651127815, 0.012008266523480415, 0.05122854560613632, 0.03506840020418167, 0.0035059195943176746, -0.05000327154994011, -0.016646848991513252, 0.0222686305642128, -0.00961147528141737, 0.013674438931047916, -0.027215059846639633, -0.046731483191251755, 0.0012399469269439578, 0.048514850437641144, 0.023316437378525734, 0.01723659411072731, 0.0017489863093942404, 0.06443941593170166, -0.020884091034531593, -0.01590397022664547, -0.020191308110952377, -0.041062112897634506, 0.03162813186645508, 0.05062456801533699, -0.005207591224461794, -0.00021056226978544146, -0.030748145654797554, 0.00950828567147255, 0.03107352741062641, 0.005116113927215338, -0.03647015988826752, 0.029648523777723312, 0.050169527530670166, -0.07277091592550278, -0.06175414100289345, -0.03696403279900551, -0.02316565066576004, 0.0024018718395382166, 0.020970864221453667, 0.030475804582238197, -0.010431203059852123, 0.00632883794605732, 0.029490847140550613, -0.02348683960735798, 0.10298988223075867, 0.0010662125423550606, -0.01840866543352604, -0.041253264993429184, 0.04199804738163948, -0.023536905646324158, 0.046637244522571564, -0.02392927184700966, 0.03574693202972412, -0.008283261209726334, -0.032803915441036224, -0.015614747069776058, -0.03269234672188759, 0.048686206340789795, 0.01349660288542509, -0.016631895676255226, -0.025167470797896385, 0.06175899878144264, -0.002941396553069353, 0.0007637102389708161, -0.02935532107949257, 0.08534760773181915, -0.01663064956665039, -0.03781333938241005, -0.0709967315196991, -0.013707327656447887, -0.005282790865749121, 0.03496604040265083, 0.013208401389420033, -0.0005109414923936129, -0.031236715614795685, -0.0008513487409800291, 0.010912169702351093, 0.0033179486636072397, 0.007992532104253769, -0.010221944190561771, -0.011534318327903748, -0.03135637566447258, -1.4760158819626668e-06, 0.07078006118535995, 0.0046436479315161705, -0.05437183380126953, -0.03474681079387665, -0.02729365974664688, 0.03580719977617264, -0.025226125493645668, -0.07157105952501297, 0.006177388597279787, 0.038704756647348404, -0.01790076121687889, 0.006878007669001818, -0.042994651943445206, 0.00837256945669651, -0.02876456454396248, -0.02365030162036419, 0.05007757246494293, 0.0024600571487098932, -0.07311491668224335, -0.02469131536781788, -0.03231346607208252, 0.024912603199481964, 0.0066868313588202, 0.00041295969276688993, -0.00849618948996067, -0.01175956055521965, -0.04819348454475403, -0.02475224994122982, 0.0009231687290593982, 0.005279504228383303, -0.01291603036224842, 0.006317459978163242, 0.024148626253008842, -0.02875814586877823, 0.015826229006052017, -0.017804643139243126, 0.0023507066071033478, 0.013024830259382725, -0.014332994818687439, -0.05368298664689064, 0.03619566559791565, 0.045939233154058456, 0.02187148481607437, -0.015923306345939636, -0.04305011034011841, -0.006069055292755365, 0.020949717611074448, -0.029887191951274872, 0.058240462094545364, 0.00030679351766593754, -0.0029579722322523594, -0.003975822124630213, -0.002461773809045553, 0.03377698361873627, 0.0038218258414417505, -0.015545107424259186, -0.0013495597522705793, 0.00981307215988636, -0.017270192503929138, -0.07567358016967773, -0.03256800025701523, -0.006769813597202301, -0.020138094201683998, 0.015348847955465317, -0.02380513586103916, 0.004962000530213118, 0.022097568958997726, -0.050373345613479614, 0.032475750893354416, -0.05245039984583855, -0.024300754070281982, -0.024339135736227036, 0.020951293408870697, -0.00044475361937657, 0.008291895501315594, -0.007211280986666679, 0.052401985973119736, -0.06258052587509155, 0.024078158661723137, -0.020032456144690514, -0.022660993039608, -0.02351905032992363, 0.003937250934541225, 0.020529408007860184, -0.008689750917255878, -0.060661476105451584, -0.023159122094511986, -0.003583109239116311, 0.05216654762625694, -0.021420219913125038, -0.005302285775542259, -0.03145286813378334, -0.01444672979414463, -0.04389924556016922, 0.04656894505023956, -0.0027022073045372963, -0.002671483438462019, 0.03459196537733078, -0.016618309542536736, -0.008418993093073368, -0.05191982164978981, 0.048419829457998276, 0.006526795215904713, -0.007635336369276047, 0.004922057036310434, -0.014173910953104496, -0.01775856502354145, 0.0815783143043518, 0.06429798901081085, 0.02341519109904766, 0.05278211832046509, 0.002889369847252965, -0.042689379304647446, 0.030261827632784843, 0.00304976268671453, 0.02867012470960617, 0.013891373760998249, -0.060187309980392456, 0.021517369896173477, 0.009034832939505577, 0.03272004798054695, -0.02759648486971855, -0.05753239244222641, -0.05778444930911064, -0.003232731716707349, 0.024863343685865402, -0.02963300049304962, 0.04349445179104805, -0.04484591260552406, -0.0680929496884346, 0.0076318238861858845, -0.044646263122558594, -0.014687564224004745, -0.01187471579760313, 0.006713035982102156, -0.04436755180358887, -0.02332437038421631, 0.17018692195415497, 0.031657252460718155, 0.0015445766039192677, -0.015710435807704926, 0.04488547146320343, -0.0313282236456871, 0.07236257195472717, -0.022791966795921326, 0.015051989816129208, -0.0195794515311718, 0.013673946261405945, 0.008466213941574097, 0.00311905681155622, 0.010121297091245651, -0.012848615646362305, -0.01593274623155594, -0.009177666157484055, 0.008754552341997623, -0.007851088419556618, -0.017169829457998276, 0.023539870977401733, 0.010847644880414009, -0.004687878303229809, 0.038380835205316544, -0.03832609951496124, 0.03676604479551315, -0.006709919311106205, -0.057898614555597305, 0.010921157896518707, 0.0018036137335002422, -0.0017686766805127263, 0.06733649969100952, -0.010878593660891056, 0.03930561617016792, -0.04903590679168701, 0.029752451926469803, 0.09543348848819733, -0.01396141853183508, -0.03399166092276573, 0.05138266831636429, -0.0055147018283605576, -0.022212252020835876, 0.01185830868780613, 1.5662206351407804e-05, 0.05122930184006691, 0.007174116093665361, 0.024991922080516815, 0.05101493373513222, 0.03747902065515518, 0.04659317433834076, -0.06635887175798416, 0.024175360798835754, -0.04137137532234192, -0.08722669631242752, -0.0004943660460412502, -0.027220066636800766, -0.06569170951843262, -0.010869806632399559, -0.006472358480095863, -0.0030465438030660152, -0.0005193401593714952, -0.009016025811433792, -0.00638629449531436, -0.027896136045455933, 0.003174900310114026, -0.006529654376208782, 0.11691948026418686, 0.006295135244727135, -0.005360855255275965, 0.01652432046830654, -0.0227484293282032, 0.0170054342597723, 0.017128122970461845, 0.02043778821825981, -0.0036462335847318172, -0.04735332727432251, 0.09060434997081757, 0.0010382739128544927, 0.04209775850176811, 0.05831112712621689, -0.014829744584858418, -0.02930636890232563, 0.044738199561834335, 0.010513734072446823, -0.011744741350412369, -0.026961686089634895, -0.015726737678050995, -0.018320629373192787, -0.011084629222750664, 0.06165050342679024, 0.029010338708758354, 0.011683695018291473, 0.01053563691675663, -0.10784132778644562, -0.0982239618897438, -0.037858568131923676, 0.020067041739821434, -0.01689746603369713, 0.0036313426680862904, 0.03194558992981911, -0.030482113361358643, -0.0009495834819972515, -0.05166191980242729, -0.010421805083751678, 0.03131503239274025, 0.019988074898719788, 0.07151880115270615, -0.004979108925908804, 0.005602499470114708, 0.02921590767800808, 0.009009349159896374, 0.05367410182952881, -0.020564841106534004, 0.0071805790066719055, 0.02212788723409176, 0.004676604177802801, -0.10411863774061203, -0.006970222108066082, -0.022425251081585884, -0.009985264390707016, 0.10199536383152008, 0.07840916514396667, 0.04302457347512245, -0.004800254479050636, 0.03444938361644745, 0.002227183897048235, 0.06764233857393265, -0.01891857199370861, -0.00048383415560238063, 0.0029842921067029238, 0.011442689225077629, -0.0071236747317016125, 0.037208192050457, -0.02987065352499485, 0.01947183720767498, -0.043567825108766556, -0.026730943471193314, 0.03447958454489708, 0.009453357197344303, 0.0572410523891449, 0.03806616738438606, 0.041938215494155884, -0.03478732332587242, 0.006844718940556049, -0.05096453055739403, -0.034962717443704605, 0.014016305096447468, 0.01016289833933115, -0.029942939057946205, -0.05748284235596657, -0.014471443369984627, -0.015820959582924843, 0.025605233386158943, 0.03656141459941864, -0.01834280416369438, -0.003299853764474392, 0.05225558578968048, 0.07436258345842361, -0.018761074170470238, 0.06072450056672096, -0.004093026276677847, -0.015275314450263977, -0.04380618408322334, -0.02593134716153145, -0.06367228925228119, 0.015241121873259544, 0.013823100365698338, 0.023756232112646103, -0.010313541628420353, -0.025162426754832268, -0.0041736094281077385, 0.08293259143829346, -0.042967330664396286, 0.038412224501371384, 0.0122373690828681, -0.04439236968755722, -0.019112035632133484, -0.02459493651986122, 0.03221883997321129, 0.04111241176724434, 0.06695305556058884, 0.033729538321495056, -0.04498211294412613, -0.017684075981378555, -0.014324040152132511, -0.051457107067108154, 0.01939736120402813, -0.023908227682113647, 0.02342183142900467, -0.028883419930934906, 0.026659762486815453, 0.0052777789533138275, 0.018758278340101242, -0.03361598774790764, -3.824236409855075e-05, -0.011899548582732677, -0.027670791372656822, -0.018359048292040825, 0.007516101002693176, -0.05712714046239853, 0.009806813672184944, -0.01481303758919239, 0.027802975848317146, 0.043367620557546616, -0.005133225116878748, 0.024204624816775322, -0.02317497506737709, -0.0014233440160751343, 0.04694994166493416, -0.011620182543992996, -0.001201906823553145, -0.003407443640753627, 0.018296679481863976, 0.015299905091524124, 0.03172007203102112, 0.0024432798381894827, -0.008529074490070343, -0.05305076017975807], 'file_path': '/home/user/rag_service/temp_files/fc36e295_02a86af11f.docx'}}, {'text': '典型组网部署如下图所示：  \n部署说明：DA-IOTS-SVPN 综合安全网关产品部署方式灵活，可以根据客户现有网络架构进行灵活部署，尽量减少了客户现有网络的变动，保证了整个网络的安全性及稳定性。VPN综合安全网关一般部署于DMZ区或互联网接入区。标准依据\nDA-IOTS-SVPN综合安全网关遵循以下相关标准规范： \nGM/T 0005-2012 随机性检测规范\nGM/T 0003-2012 SM2 椭圆曲线公钥密码算法\nGM/T 0004-2012 SM3 密码杂凑算法\nGM/T 0002-2012 SM4 分组密码算法\nGM/T 0009-2012 SM2 密码算法使用规范\nGM/T 0010-2012 SM2 密码算法加密签名消息语法规范\nGM/T 0015-2012 基于 SM2 密码算法的数字证书格式规范\nGM/T 0014-2012 数字证书认证系统密码协议规范\nGM/T 0022-2014 IPSec VPN 技术规范 \nGM/T 0023-2014 IPSec VPN 网关产品规范\nGM/T 0024-2014 SSL VPN 技术规范 \nGM/T 0025-2014 SSL VPN 网关产品规范\nGM/T 0028-2014 密码模块安全技术要求\n应用场景\n总部、各分支机构互联互通应用\n用户需求\n针对具有多地分支机构的党政军企等组织单位，具有访问地域分散和信息数据集中部署的属性，需要一种安全的方式，实现各地网络之间的互联互通的同时，确保数据的安全访问。解决方案\n本方案为各机构访问的数据系统在的网络与通信安全层面供符合密码测评要求及等保2.0三级要求的安全网关产品，采用DA-IOTS-SVPN综合安全网关支持IPSec协议、支持国密SM1\\SM2\\SM3\\SM4算法，通过在总部（中心）及各分支机构的内网边界处部署DA-IOTS-SVPN综合安全网关，帮助用户实现多地分支网络的安全、高速互联，IPSec特有的Site-to-Site安全机制，可以最大限度保障业务互联的数据的机密性、完整性，以及设备之间的身份不可否认性。用户价值\n完全符合监管要求，本方案采用国密算法，符合《密码法》、《信息系统密码应用基本要求》等法规和要求，且密码应用场景符合公安部等级保护2.0（等保2.0）和商用密码评估（密评）第三级的网络与通信安全等相关标准要求。', 'score': 9.67562484741211, 'metadata': {'text': '典型组网部署如下图所示：  \n部署说明：DA-IOTS-SVPN 综合安全网关产品部署方式灵活，可以根据客户现有网络架构进行灵活部署，尽量减少了客户现有网络的变动，保证了整个网络的安全性及稳定性。VPN综合安全网关一般部署于DMZ区或互联网接入区。标准依据\nDA-IOTS-SVPN综合安全网关遵循以下相关标准规范： \nGM/T 0005-2012 随机性检测规范\nGM/T 0003-2012 SM2 椭圆曲线公钥密码算法\nGM/T 0004-2012 SM3 密码杂凑算法\nGM/T 0002-2012 SM4 分组密码算法\nGM/T 0009-2012 SM2 密码算法使用规范\nGM/T 0010-2012 SM2 密码算法加密签名消息语法规范\nGM/T 0015-2012 基于 SM2 密码算法的数字证书格式规范\nGM/T 0014-2012 数字证书认证系统密码协议规范\nGM/T 0022-2014 IPSec VPN 技术规范 \nGM/T 0023-2014 IPSec VPN 网关产品规范\nGM/T 0024-2014 SSL VPN 技术规范 \nGM/T 0025-2014 SSL VPN 网关产品规范\nGM/T 0028-2014 密码模块安全技术要求\n应用场景\n总部、各分支机构互联互通应用\n用户需求\n针对具有多地分支机构的党政军企等组织单位，具有访问地域分散和信息数据集中部署的属性，需要一种安全的方式，实现各地网络之间的互联互通的同时，确保数据的安全访问。解决方案\n本方案为各机构访问的数据系统在的网络与通信安全层面供符合密码测评要求及等保2.0三级要求的安全网关产品，采用DA-IOTS-SVPN综合安全网关支持IPSec协议、支持国密SM1\\SM2\\SM3\\SM4算法，通过在总部（中心）及各分支机构的内网边界处部署DA-IOTS-SVPN综合安全网关，帮助用户实现多地分支网络的安全、高速互联，IPSec特有的Site-to-Site安全机制，可以最大限度保障业务互联的数据的机密性、完整性，以及设备之间的身份不可否认性。用户价值\n完全符合监管要求，本方案采用国密算法，符合《密码法》、《信息系统密码应用基本要求》等法规和要求，且密码应用场景符合公安部等级保护2.0（等保2.0）和商用密码评估（密评）第三级的网络与通信安全等相关标准要求。', 'sentences': ['典型组网部署如下图所示：  \n部署说明：DA-IOTS-SVPN 综合安全网关产品部署方式灵活，可以根据客户现有网络架构进行灵活部署，尽量减少了客户现有网络的变动，保证了整个网络的安全性及稳定性。', 'VPN综合安全网关一般部署于DMZ区或互联网接入区。', '标准依据\nDA-IOTS-SVPN综合安全网关遵循以下相关标准规范： \nGM/T 0005-2012 随机性检测规范\nGM/T 0003-2012 SM2 椭圆曲线公钥密码算法\nGM/T 0004-2012 SM3 密码杂凑算法\nGM/T 0002-2012 SM4 分组密码算法\nGM/T 0009-2012 SM2 密码算法使用规范\nGM/T 0010-2012 SM2 密码算法加密签名消息语法规范\nGM/T 0015-2012 基于 SM2 密码算法的数字证书格式规范\nGM/T 0014-2012 数字证书认证系统密码协议规范\nGM/T 0022-2014 IPSec VPN 技术规范 \nGM/T 0023-2014 IPSec VPN 网关产品规范\nGM/T 0024-2014 SSL VPN 技术规范 \nGM/T 0025-2014 SSL VPN 网关产品规范\nGM/T 0028-2014 密码模块安全技术要求\n应用场景\n总部、各分支机构互联互通应用\n用户需求\n针对具有多地分支机构的党政军企等组织单位，具有访问地域分散和信息数据集中部署的属性，需要一种安全的方式，实现各地网络之间的互联互通的同时，确保数据的安全访问。', '解决方案\n本方案为各机构访问的数据系统在的网络与通信安全层面供符合密码测评要求及等保2.', '0三级要求的安全网关产品，采用DA-IOTS-SVPN综合安全网关支持IPSec协议、支持国密SM1\\SM2\\SM3\\SM4算法，通过在总部（中心）及各分支机构的内网边界处部署DA-IOTS-SVPN综合安全网关，帮助用户实现多地分支网络的安全、高速互联，IPSec特有的Site-to-Site安全机制，可以最大限度保障业务互联的数据的机密性、完整性，以及设备之间的身份不可否认性。', '用户价值\n完全符合监管要求，本方案采用国密算法，符合《密码法》、《信息系统密码应用基本要求》等法规和要求，且密码应用场景符合公安部等级保护2.', '0（等保2.', '0）和商用密码评估（密评）第三级的网络与通信安全等相关标准要求。'], 'metadata': {'char_count': 990, 'sentence_count': 8, 'file_name': 'fc36e295_02a86af11f.docx', 'file_path': '/home/user/rag_service/temp_files/fc36e295_02a86af11f.docx'}, 'embedding': [0.008584932424128056, -0.034998610615730286, -0.0016440771287307143, -0.048746250569820404, 0.0083230622112751, -0.02038775384426117, -0.007995039224624634, -0.024028010666370392, 0.02222442254424095, -0.032271888107061386, -0.035009726881980896, 0.0296340212225914, 0.027639240026474, -0.06358104944229126, 0.033416762948036194, 0.03533802181482315, 0.0036988172214478254, 0.0033750487491488457, -0.04251088947057724, -0.019061803817749023, -0.017967360094189644, -0.009592978283762932, 0.06249362230300903, -0.004856229294091463, -0.035512108355760574, 0.011506323702633381, -0.0005765494424849749, -0.026148706674575806, -0.01680534891784191, -0.04532692953944206, -0.009059211239218712, 0.08224238455295563, -0.004824037663638592, -0.022534886375069618, -0.007768749259412289, 0.03954081982374191, -0.09473802149295807, -0.00826454721391201, 0.006701710168272257, 0.006988354027271271, 0.023338187485933304, -0.0008205713820643723, -0.0087202750146389, 0.021800806745886803, -0.003933408763259649, 0.043269336223602295, 0.03887593001127243, -0.014745213091373444, -0.005244951229542494, 0.031204551458358765, 0.029123922809958458, 0.21043448150157928, -0.01260110642760992, 0.014565354213118553, -0.040762223303318024, 0.009128243662416935, 0.02621041238307953, 0.0494978241622448, -0.024612601846456528, -0.011437837965786457, -0.059676963835954666, -0.041117191314697266, 0.033379752188920975, -0.06312087178230286, -0.018636588007211685, -0.029952632263302803, -0.05267682299017906, -0.03415757045149803, -0.010234851390123367, -0.07194989174604416, -0.047330912202596664, 0.03654755651950836, -0.044666532427072525, -0.020593881607055664, 0.05941731482744217, 0.031811051070690155, 0.05732262507081032, 0.044285040348768234, -0.02932065725326538, -0.04134869948029518, -0.0045550111681222916, 0.024692781269550323, -0.0016878456808626652, 0.026141250506043434, -0.0395427942276001, -0.039826832711696625, -0.004732541274279356, 0.046948228031396866, 0.0066058458760380745, 0.01166199054569006, -0.011210178956389427, 0.04246995598077774, -0.001751502277329564, -0.01078694500029087, -0.025185350328683853, -0.034577738493680954, 0.023305699229240417, 0.06309553980827332, 0.012979846447706223, 0.020311571657657623, -0.03351680934429169, 0.02202284336090088, 0.00882069580256939, 0.00783071480691433, -0.04093535616993904, 0.029064930975437164, 0.08621946722269058, -0.06674621999263763, -0.04581433907151222, -0.08688625693321228, -0.02762494795024395, 0.007247010711580515, 0.02571285143494606, 0.03149697184562683, -0.012534115463495255, -0.0022383686155080795, 0.026182249188423157, -0.030719012022018433, 0.10157683491706848, 0.0022395921405404806, -0.024136217311024666, -0.05310315266251564, 0.04407908767461777, -0.02996528334915638, 0.051267046481370926, -0.01656244695186615, 0.023111188784241676, -0.009125394746661186, -0.04005645588040352, -0.017302561551332474, -0.03771137818694115, 0.04089992120862007, 0.01923711970448494, -0.006024246569722891, -0.008912594988942146, 0.010255783796310425, -0.010091401636600494, -0.00451187789440155, -0.03218606859445572, 0.07385086268186569, -0.02952868863940239, -0.020992804318666458, -0.06104966998100281, -0.025008097290992737, 0.010945765301585197, 0.032440997660160065, 0.030874423682689667, 0.002915359800681472, -0.05167800933122635, -0.008377563208341599, -0.015637081116437912, 0.025487331673502922, 0.005752207711338997, -0.005873971153050661, -0.009895668365061283, -0.03410205990076065, 0.008146742358803749, 0.05359853059053421, 0.02368914894759655, -0.05580425634980202, -0.03430473431944847, -0.025039955973625183, 0.022156381979584694, -0.02429231069982052, -0.08651415258646011, -0.010883272625505924, 0.04470215365290642, -0.024973010644316673, 0.0017273317789658904, -0.03590933978557587, 0.013546894304454327, -0.02204548381268978, -0.019747881218791008, 0.051192596554756165, 0.009765266440808773, -0.03679199889302254, -0.02661331556737423, -0.023051492869853973, 0.01723524183034897, 0.00783187709748745, 0.019212426617741585, -0.0055250744335353374, -0.013647940009832382, -0.034118879586458206, -0.05886305868625641, 0.01636502332985401, -0.0016653372440487146, -0.00042300758650526404, 0.005447479896247387, 0.04142334684729576, -0.011195220984518528, 0.02144591324031353, -0.028580769896507263, 0.0027474749367684126, 0.033290162682533264, -0.018660949543118477, -0.05128568783402443, 0.051523033529520035, 0.020924724638462067, 0.01882496476173401, -0.01785190775990486, -0.048864543437957764, 0.005439387634396553, 0.022099267691373825, -0.022394904866814613, 0.04221513494849205, -0.01518241036683321, -0.0024399706162512302, 0.0018612073035910726, -0.004169173073023558, 0.038713958114385605, 0.011547134257853031, -0.012473181821405888, -0.006011276971548796, -0.00519148213788867, -0.014831416308879852, -0.10177163779735565, -0.025363214313983917, -0.025416256859898567, -0.028147628530859947, 0.009877955541014671, -0.03189313784241676, 0.0064728823490440845, 0.010365143418312073, -0.0440802238881588, 0.021795373409986496, -0.03680401295423508, -0.015755154192447662, -0.015895366668701172, 0.016193658113479614, -0.023273341357707977, 0.009012654423713684, -0.0024921423755586147, 0.034294966608285904, -0.049634452909231186, 0.044129710644483566, 0.003514575306326151, -0.0017043035477399826, -0.008393767289817333, 0.0088588772341609, 0.00774546479806304, -0.006889056880027056, -0.06311482191085815, -0.01979995332658291, 0.0024076614063233137, 0.0646357387304306, -0.02345261350274086, -0.01663781888782978, -0.06094062328338623, -0.03365527093410492, -0.06310933083295822, 0.018144726753234863, -0.005752764642238617, 0.006631957832723856, 0.0255042165517807, -0.008331338874995708, -0.010172347538173199, -0.04550505429506302, 0.04720960184931755, -0.008881824091076851, 0.002577367937192321, 0.006338683422654867, -0.00933265034109354, -0.022374192252755165, 0.09526988118886948, 0.07406196743249893, 0.005685305688530207, 0.04118620231747627, 0.012112903408706188, -0.015025715343654156, 0.0309534203261137, -0.008392363786697388, 0.011595228686928749, 0.024161677807569504, -0.06607448309659958, 0.017723873257637024, 0.004321560263633728, 0.017541702836751938, -0.03707088902592659, -0.059808023273944855, -0.05781615525484085, -0.006620824337005615, 0.016250407323241234, -0.017336012795567513, 0.01902751810848713, -0.04005702957510948, -0.05215374007821083, -0.025892537087202072, -0.05607510730624199, -0.03821158409118652, -0.008195183239877224, -0.0016525175888091326, -0.025282494723796844, -0.03240213170647621, 0.18768030405044556, 0.016804751008749008, 0.01900230534374714, -0.005594519432634115, 0.06097033992409706, -0.04156985506415367, 0.03557398170232773, -0.02581675723195076, 0.014848033897578716, -0.018923001363873482, -0.016900813207030296, 0.008153856731951237, -0.0032147159799933434, 0.017095185816287994, 0.011444649659097195, -0.031082121655344963, -0.006369075737893581, 0.023142414167523384, 8.869031444191933e-05, -0.014498287811875343, 0.032254528254270554, 0.010886851698160172, -0.011293399147689342, 0.03458922356367111, -0.026700012385845184, 0.02127889357507229, -0.013055671006441116, -0.06066412106156349, 0.009718187153339386, -0.0038387540262192488, -0.003543234197422862, 0.07580791413784027, -0.03567387908697128, -0.004311749711632729, -0.018875721842050552, 0.004703712183982134, 0.09184759110212326, -0.004964746069163084, -0.027768105268478394, 0.01608658954501152, -0.002974136732518673, -0.011380559764802456, 0.025233812630176544, 6.99241500115022e-05, 0.06913083046674728, 0.002697966294363141, 0.02005087397992611, 0.045860178768634796, 0.014699493534862995, 0.01844465360045433, -0.0950075015425682, 0.005732173565775156, -0.013092420995235443, -0.08704085648059845, -0.01789150945842266, -0.03593413904309273, -0.06211073324084282, 0.028643328696489334, -0.00797832477837801, 0.02153647132217884, 0.008751971647143364, -0.006783914752304554, -0.03378581628203392, -0.012346462346613407, 0.0015835524536669254, -0.012825225479900837, 0.06291953474283218, 0.007722563575953245, -0.00228030770085752, 0.002746384823694825, -0.02749376744031906, 0.024168016389012337, 0.015116747468709946, 0.027263883501291275, -0.007269779685884714, -0.05387073755264282, 0.09337785840034485, -0.0012779958778992295, 0.0366862490773201, 0.03795500844717026, -0.0275388415902853, -0.015795735642313957, 0.020478196442127228, 0.014809924177825451, -0.03277608007192612, -0.019631989300251007, -0.020449168980121613, -0.04223112761974335, -0.013215850107371807, 0.06456094980239868, -0.003357137553393841, 0.025623826310038567, 0.03552089259028435, -0.09162714332342148, -0.10387405753135681, -0.04149676486849785, -0.016721777617931366, -0.016287216916680336, -0.0027579169254750013, 0.0336887389421463, -0.024556532502174377, 0.007127087563276291, -0.038897350430488586, -0.02346958965063095, -0.0008866616990417242, 0.0005445798160508275, 0.06105193495750427, 0.001001735683530569, 0.007691503502428532, 0.03641054406762123, 0.004738443996757269, 0.06166670471429825, -0.018147358670830727, -0.0061200447380542755, 0.04472941905260086, 0.01056864857673645, -0.10070174932479858, 0.0031537788454443216, -0.028134381398558617, -0.0237769465893507, 0.1290615350008011, 0.07362938672304153, 0.03867669031023979, 0.012798180803656578, 0.03276345133781433, -0.018756750971078873, 0.06320292502641678, -0.016242317855358124, 0.021974656730890274, 0.001928233541548252, -0.00010365166235715151, -0.009896664880216122, 0.034642674028873444, -0.03612915426492691, 0.00559911597520113, -0.029097499325871468, 0.028170524165034294, 0.025902733206748962, -0.008410729467868805, 0.012894942425191402, 0.05189986899495125, 0.03618016466498375, -0.04419894888997078, 0.02029873989522457, -0.016545461490750313, -0.03164980933070183, -0.01587345078587532, 0.018296394497156143, -0.02540530264377594, -0.0395771823823452, 0.0026485116686671972, -0.016575975343585014, 0.03866635262966156, 0.013351335190236568, -0.0168058630079031, 0.026176592335104942, 0.041598159819841385, 0.09156468510627747, -0.043880920857191086, 0.055891066789627075, -0.005411780904978514, -0.009832514449954033, -0.026120273396372795, -0.029647724702954292, -0.06367980688810349, 0.02414698898792267, 0.017744634300470352, 0.0005400330410338938, -0.005793499760329723, -0.02358684130012989, -0.025937233120203018, 0.0994315892457962, -0.03177282214164734, 0.024054409936070442, 0.021493708714842796, -0.030391450971364975, -0.020607376471161842, -0.02671007812023163, 0.04529598355293274, 0.03465653210878372, 0.03792979195713997, 0.022356130182743073, -0.04905376955866814, -0.018765203654766083, -0.007507869508117437, -0.04927411302924156, 0.03270747885107994, -0.007760762702673674, 0.023076847195625305, -0.028771422803401947, 0.02126307785511017, 0.011447405442595482, 0.024869637563824654, -0.0075830016285181046, -0.005324161611497402, -0.034306276589632034, -0.035426340997219086, -0.032821133732795715, 0.0023064815904945135, -0.042226169258356094, 0.006053307093679905, -0.024927960708737373, 0.027005339041352272, 0.037209440022706985, -0.01807483285665512, 0.01852838695049286, -0.010712824761867523, 0.009288839995861053, 0.03525852784514427, 0.046673960983753204, 0.020838873460888863, 0.02576192282140255, 0.025614645332098007, 0.0098692886531353, 0.003479722887277603, 0.0020393813028931618, -0.007465703878551722, -0.03276561573147774], 'file_path': '/home/user/rag_service/temp_files/fc36e295_02a86af11f.docx'}}, {'text': '产品概述\n背景\n随着云计算、大数据、物联网等新兴技术以及党政企事业单位数字化转型的不断发展，越来越多的应用系统开始基于互联网、物联网提供不同方式的移动办公，业务应用上云，物联网终端的访问大数据中心等远程接入能力，如何将党政企事业公司总部的各个应用系统安全地推广到各个分支结构、办事处和移动办公人员，实现应用系统安全实时统一管理；如何保障云端业务的安全访问；如何在保障业务数据安全传输的基础上，同时能够保证移动用户的接入体验；如何保障物联网终端接入的安全性以及数据传输过程中的机密性与完整性，都成为当前众多党政企事业单位所面临的安全问题。在计算机网络中，除了建设物理隔离的业务网络之外，还拥有更具性价比的解决方案，使用VPN虚拟专用网技术来构建安全的业务网络。现今，网络基建迅速发展，带宽及通信质量大幅提升，资费较之以前大幅下降等因素加速了VPN技术的诞生和高速发展。VPN是一种主要通过密码技术、隧道技术、访问控制技术来保障用户远程接入内网的网络安全设备，用户通过VPN产品可以足不出户轻松的通过互联网接入安全地接入到到企业内网中，而不必担心信息泄露的风险。IPSec VPN和SSL VPN是实现VPN技术的两个不同传输协议标准，对于拥有诸多分布办公地点的企业机构来说，IPSec VPN是很好的解决方案。但IPSec VPN最初是为了解决Site-to-Site（网到网）的安全问题而制定的协议，其在处理与日俱增的End-to-Site（点到网）应用的情况下已力不从心。这两种技术目前应用在不同的领域，是可以进行互补的。SSL VPN考虑的是单点接入网络，是应用在点对网结构的接入模式；而IPSec VPN是在两个局域网之间通过Internet建立的安全连接，保护的是网对网之间的通信。在现代的商业机构模式中，普遍都存在着这两种需求，所以我们在选择VPN技术的时候应该根据实际的业务需求出发，选择某一种或者二合一的VPN技术产品。产品简介\n得安VPN（以下简称：DA-IOTS-SVPN）综合安全网关是独立开发研制的高性能密码安全设备，遵循国家密码管理局颁布的《GM/T 0023-2014 IPSec VPN网关产品规范》和《GM/T 0025-2014 SSL VPN网关产品规范》，通过国家密码管理局检测鉴定并获得商用密码产品型号证书，具有完全自主知识产权的安全网关产品。', 'score': 9.30569076538086, 'metadata': {'text': '产品概述\n背景\n随着云计算、大数据、物联网等新兴技术以及党政企事业单位数字化转型的不断发展，越来越多的应用系统开始基于互联网、物联网提供不同方式的移动办公，业务应用上云，物联网终端的访问大数据中心等远程接入能力，如何将党政企事业公司总部的各个应用系统安全地推广到各个分支结构、办事处和移动办公人员，实现应用系统安全实时统一管理；如何保障云端业务的安全访问；如何在保障业务数据安全传输的基础上，同时能够保证移动用户的接入体验；如何保障物联网终端接入的安全性以及数据传输过程中的机密性与完整性，都成为当前众多党政企事业单位所面临的安全问题。在计算机网络中，除了建设物理隔离的业务网络之外，还拥有更具性价比的解决方案，使用VPN虚拟专用网技术来构建安全的业务网络。现今，网络基建迅速发展，带宽及通信质量大幅提升，资费较之以前大幅下降等因素加速了VPN技术的诞生和高速发展。VPN是一种主要通过密码技术、隧道技术、访问控制技术来保障用户远程接入内网的网络安全设备，用户通过VPN产品可以足不出户轻松的通过互联网接入安全地接入到到企业内网中，而不必担心信息泄露的风险。IPSec VPN和SSL VPN是实现VPN技术的两个不同传输协议标准，对于拥有诸多分布办公地点的企业机构来说，IPSec VPN是很好的解决方案。但IPSec VPN最初是为了解决Site-to-Site（网到网）的安全问题而制定的协议，其在处理与日俱增的End-to-Site（点到网）应用的情况下已力不从心。这两种技术目前应用在不同的领域，是可以进行互补的。SSL VPN考虑的是单点接入网络，是应用在点对网结构的接入模式；而IPSec VPN是在两个局域网之间通过Internet建立的安全连接，保护的是网对网之间的通信。在现代的商业机构模式中，普遍都存在着这两种需求，所以我们在选择VPN技术的时候应该根据实际的业务需求出发，选择某一种或者二合一的VPN技术产品。产品简介\n得安VPN（以下简称：DA-IOTS-SVPN）综合安全网关是独立开发研制的高性能密码安全设备，遵循国家密码管理局颁布的《GM/T 0023-2014 IPSec VPN网关产品规范》和《GM/T 0025-2014 SSL VPN网关产品规范》，通过国家密码管理局检测鉴定并获得商用密码产品型号证书，具有完全自主知识产权的安全网关产品。', 'sentences': ['产品概述\n背景\n随着云计算、大数据、物联网等新兴技术以及党政企事业单位数字化转型的不断发展，越来越多的应用系统开始基于互联网、物联网提供不同方式的移动办公，业务应用上云，物联网终端的访问大数据中心等远程接入能力，如何将党政企事业公司总部的各个应用系统安全地推广到各个分支结构、办事处和移动办公人员，实现应用系统安全实时统一管理；如何保障云端业务的安全访问；如何在保障业务数据安全传输的基础上，同时能够保证移动用户的接入体验；如何保障物联网终端接入的安全性以及数据传输过程中的机密性与完整性，都成为当前众多党政企事业单位所面临的安全问题。', '在计算机网络中，除了建设物理隔离的业务网络之外，还拥有更具性价比的解决方案，使用VPN虚拟专用网技术来构建安全的业务网络。', '现今，网络基建迅速发展，带宽及通信质量大幅提升，资费较之以前大幅下降等因素加速了VPN技术的诞生和高速发展。', 'VPN是一种主要通过密码技术、隧道技术、访问控制技术来保障用户远程接入内网的网络安全设备，用户通过VPN产品可以足不出户轻松的通过互联网接入安全地接入到到企业内网中，而不必担心信息泄露的风险。', 'IPSec VPN和SSL VPN是实现VPN技术的两个不同传输协议标准，对于拥有诸多分布办公地点的企业机构来说，IPSec VPN是很好的解决方案。', '但IPSec VPN最初是为了解决Site-to-Site（网到网）的安全问题而制定的协议，其在处理与日俱增的End-to-Site（点到网）应用的情况下已力不从心。', '这两种技术目前应用在不同的领域，是可以进行互补的。', 'SSL VPN考虑的是单点接入网络，是应用在点对网结构的接入模式；而IPSec VPN是在两个局域网之间通过Internet建立的安全连接，保护的是网对网之间的通信。', '在现代的商业机构模式中，普遍都存在着这两种需求，所以我们在选择VPN技术的时候应该根据实际的业务需求出发，选择某一种或者二合一的VPN技术产品。', '产品简介\n得安VPN（以下简称：DA-IOTS-SVPN）综合安全网关是独立开发研制的高性能密码安全设备，遵循国家密码管理局颁布的《GM/T 0023-2014 IPSec VPN网关产品规范》和《GM/T 0025-2014 SSL VPN网关产品规范》，通过国家密码管理局检测鉴定并获得商用密码产品型号证书，具有完全自主知识产权的安全网关产品。'], 'metadata': {'char_count': 991, 'sentence_count': 10, 'file_name': 'fc36e295_02a86af11f.docx', 'file_path': '/home/user/rag_service/temp_files/fc36e295_02a86af11f.docx'}, 'embedding': [0.004891555290669203, -0.035118553787469864, -0.006244886200875044, -0.0714704841375351, 0.02292264997959137, -0.004595504142343998, 0.025169216096401215, -0.03225311264395714, -1.1300709957140498e-05, 0.0040853554382920265, -0.015609225258231163, 0.028375351801514626, 0.0399196520447731, -0.0684896931052208, 0.016232717782258987, 0.014842803589999676, 0.015337573364377022, -0.023479849100112915, -0.053376756608486176, -0.022971728816628456, 0.012573771178722382, 0.019732339307665825, 0.0466725155711174, -0.0010880896588787436, -0.04047338292002678, 0.03266401216387749, 0.02461770921945572, -0.014184420928359032, 0.03238093852996826, -0.005958824884146452, -0.011462896130979061, 0.0859970971941948, 0.02390746772289276, -0.00038882147055119276, -0.06896830350160599, 0.032314643263816833, -0.08936593681573868, -0.011124189011752605, 0.004791643004864454, -0.03477990999817848, -0.029259268194437027, -0.01133878342807293, 0.02558533474802971, 0.031679607927799225, -0.06544215232133865, 0.055393606424331665, 0.027075571939349174, -0.017316214740276337, -0.008505999110639095, 0.022190870717167854, 0.03787420690059662, 0.17817111313343048, 0.02056664042174816, -0.014956425875425339, -0.012759539298713207, 0.0014372712466865778, 0.018981240689754486, 0.03579845651984215, -0.005524675361812115, -0.02550642378628254, -0.008953211829066277, -0.025115231052041054, -0.017946161329746246, -0.04431756213307381, -0.023222357034683228, -0.01670859195291996, -0.04383062571287155, -0.03213396295905113, 0.014936696738004684, -0.03741535171866417, 0.04011202231049538, 0.056634340435266495, -0.03208227455615997, -0.005081069655716419, 0.051265448331832886, 0.050795506685972214, 0.0471247062087059, 0.05911419168114662, 0.014928479678928852, -0.041094064712524414, -0.013433956541121006, 0.011192959733307362, -0.0029560946859419346, -0.005253092851489782, -0.030475134029984474, -0.07008739560842514, 0.004610901698470116, 0.05447237938642502, -0.08630938082933426, 0.021023215726017952, -0.013726278208196163, 0.05323135852813721, -0.007435261737555265, 0.007582051679491997, -0.02101179212331772, -0.03539128229022026, 0.026915177702903748, 0.053613875061273575, 0.006275971885770559, 0.014694145880639553, 0.0009204880916513503, -0.009702565148472786, 0.009493030607700348, 0.00881103053689003, -0.02631332352757454, 0.008167886175215244, 0.03668561577796936, -0.01537732407450676, -0.025454377755522728, -0.013643239624798298, -0.0033118913415819407, 0.0054814983159303665, -0.0006224960670806468, -0.00815702322870493, 0.03697234392166138, 0.012296626344323158, 0.005801552906632423, -0.007049748208373785, 0.08373722434043884, 0.006752065848559141, -0.006546286400407553, -0.03993704542517662, 0.045320525765419006, -0.023387979716062546, 0.038284849375486374, -0.019798025488853455, 0.041736334562301636, -0.01935238018631935, -0.03041704185307026, -0.022999759763479233, -0.08729565888643265, 0.029576031491160393, 0.0056124040856957436, -0.05756465345621109, -0.01649452932178974, 0.024966679513454437, -0.053392089903354645, -0.018555011600255966, -0.02296712063252926, 0.06549818813800812, 0.00022330688079819083, -0.0072920615784823895, -0.05160468816757202, -0.03567252680659294, -0.011004442349076271, 0.051949404180049896, 0.02015727013349533, -0.0006926626083441079, -0.028726978227496147, 0.0451989583671093, -0.010464556515216827, 0.01804274320602417, 0.009721087291836739, 0.0004961184458807111, 0.012301240116357803, -0.06499902904033661, 0.01813153736293316, 0.050834983587265015, 0.03844907507300377, -0.05952533334493637, -0.012320281006395817, 0.0015820569824427366, 0.013383137993514538, -0.02777182124555111, -0.059046246111392975, 0.008431311696767807, 0.025619275867938995, -0.027301838621497154, 0.011321238242089748, 0.0069702365435659885, -0.00858368445187807, -0.008096311241388321, -0.030426587909460068, 0.030207622796297073, -0.0030008184257894754, -0.055413972586393356, 0.02189987152814865, -0.028638869524002075, 0.024633869528770447, -0.0041853319853544235, 0.0316581055521965, -0.0225460696965456, 0.008592918515205383, -0.04237387329339981, -0.0930979996919632, 0.0811448022723198, 0.01023991871625185, -0.0011309534311294556, 0.004743883386254311, 0.03730964660644531, -0.021833978593349457, 0.006014402024447918, -0.03031851164996624, -0.016387445852160454, 0.021247416734695435, 0.011538682505488396, -0.04733920842409134, 0.06511804461479187, 0.054294947534799576, 0.005792186129838228, -0.011886291205883026, -0.05451895296573639, -0.00899770762771368, 0.00464298902079463, 0.007283828221261501, 0.08178436011075974, -0.045088738203048706, -0.027137653902173042, 0.0029336526058614254, -0.007601592689752579, 0.04365655407309532, 0.036757323890924454, -0.01150898914784193, -0.02559453248977661, -0.027439268305897713, -0.0009667205740697682, -0.04480678588151932, -0.04245707765221596, -0.028420258313417435, -0.026497390121221542, 0.015780676156282425, -0.05328565090894699, 0.006703756283968687, -0.003370635211467743, -0.03643273189663887, 0.03489521145820618, -0.02013590559363365, 0.005086507648229599, 0.01703810505568981, -0.00829445943236351, 0.03962448239326477, -0.017898665741086006, -0.009184055030345917, 0.0664004236459732, -0.005125442985445261, 0.03258572146296501, 0.003539648372679949, 0.00028242397820577025, -0.048416391015052795, 0.024539820849895477, 0.04532453417778015, 0.013665331527590752, -0.042520832270383835, -0.04557683318853378, 0.017579518258571625, 0.04837070032954216, -0.019936321303248405, 0.033797964453697205, -0.053793128579854965, -0.0018084642942994833, -0.056572623550891876, -0.019471781328320503, -0.003857129020616412, 0.033632442355155945, 0.05640023574233055, -0.017203468829393387, -0.020054245367646217, -0.07603307068347931, 0.01144323218613863, -0.01041953545063734, 0.025283195078372955, 0.017986206337809563, -0.022128602489829063, -0.023016206920146942, 0.04300651699304581, 0.018381936475634575, -0.008157252334058285, 0.02132423035800457, 0.06907486170530319, -0.012757222168147564, 0.017420167103409767, 0.01523816678673029, -0.025449566543102264, 0.02777116745710373, -0.09990756213665009, 0.04331351816654205, 0.024641601368784904, 0.031944409012794495, -0.041143979877233505, -0.11871197074651718, -0.04963406175374985, -0.030752891674637794, 0.0061827958561480045, -0.03299613296985626, 0.07631644606590271, -0.037800777703523636, -0.04789894074201584, -0.04995270445942879, -0.045253731310367584, -0.004588428419083357, -0.02068561129271984, -0.017335444688796997, -0.008317000232636929, -0.005673387553542852, 0.15925686061382294, 0.05397806689143181, 0.01218998059630394, 0.001850375672802329, 0.05999036505818367, 0.0037218830548226833, -0.0012081913882866502, -0.0010738499695435166, -0.0017081905389204621, 0.01648247055709362, -0.018080389127135277, -0.05660797655582428, -0.014836816117167473, 0.023176277056336403, -0.04600774869322777, -0.022076131775975227, -0.04230888560414314, 0.010515930131077766, 0.002936874283477664, -0.019981715828180313, -0.003364176256582141, 0.012877052649855614, -0.01489236205816269, -0.010599405504763126, -0.041448578238487244, 0.05446808785200119, -0.029735999181866646, -0.046954892575740814, 0.005136101972311735, -0.014165947213768959, 0.01222937647253275, 0.03710369020700455, -0.07042291760444641, -0.005708672106266022, -0.006770077161490917, 0.01608881540596485, 0.08000978082418442, -0.0504288449883461, -0.02592337317764759, 0.023516744375228882, 0.02115272358059883, -0.0027096353005617857, 0.039205316454172134, -0.013946269638836384, 0.12399567663669586, -0.003186882473528385, 0.0327129140496254, 0.026795974001288414, 0.032565463334321976, 0.08388140797615051, -0.029161423444747925, 0.004526016302406788, -0.0018546698847785592, -0.05182458460330963, -0.024682454764842987, -0.010002593509852886, -0.03372477740049362, -0.016947640106081963, -0.019748913124203682, 0.003131349803879857, 0.0032177737448364496, -0.011695358902215958, -0.05978591367602348, -0.018268972635269165, 0.016985638067126274, 0.03206619247794151, 0.06041363626718521, -0.011587759479880333, -0.03522222116589546, 0.020956816151738167, -0.02484247088432312, 0.01449731457978487, 0.02284385822713375, 0.05707785114645958, -0.008306392468512058, -0.03475603088736534, 0.07250193506479263, 0.0023467738647013903, 0.0055411867797374725, 0.04326429218053818, -0.013631516136229038, -0.00306160026229918, 0.01952054165303707, -0.01815907657146454, -0.049767639487981796, -0.022584496065974236, -0.024595942348241806, -0.044986214488744736, -0.029591022059321404, 0.016464965417981148, 0.011729511432349682, 0.006456635892391205, 0.013366758823394775, -0.06254954636096954, -0.09963314980268478, -0.05602211877703667, -0.027719909325242043, -0.005619118455797434, 0.012349270284175873, 0.013590632006525993, -0.02065187506377697, -0.018890347331762314, -0.05419949069619179, 0.0017335884040221572, -0.003205857239663601, 0.02288665995001793, 0.06565596163272858, 0.0017007675487548113, 0.01630580797791481, -0.0027621393091976643, -0.001431350945495069, -0.002080573234707117, -0.040180884301662445, 0.002644358668476343, 0.0372077114880085, 0.017611822113394737, -0.07641836255788803, -0.020080367103219032, -0.01570955663919449, -0.008533150888979435, 0.13253283500671387, 0.07356129586696625, 0.033852092921733856, 0.002276953775435686, 0.0547153539955616, -0.008729372173547745, 0.05278922617435455, -0.006512749474495649, 0.07666217535734177, 0.001293635694310069, 0.015917746350169182, 0.015404834412038326, 0.023832032456994057, -0.020215140655636787, -0.014780777506530285, -0.02859029360115528, 0.021147875115275383, -0.011086666025221348, 0.022677451372146606, 0.033994127064943314, 0.05035350099205971, 0.014518938027322292, -0.02516278438270092, -0.014220616780221462, 0.011469379998743534, -0.025736993178725243, 0.03206773102283478, 0.049762189388275146, -0.015554342418909073, -0.08022306859493256, 0.001894232351332903, -0.022895118221640587, 0.01679069921374321, -0.007190737873315811, -0.021848533302545547, 0.025348423048853874, 0.01438506506383419, 0.06905605643987656, -0.0392715260386467, 0.05584636703133583, -0.01573324017226696, -0.03349541500210762, -0.02196253277361393, -0.025403371080756187, -0.030228041112422943, -0.045223042368888855, 0.02658417634665966, 0.004599703010171652, -0.0009678386268205941, -0.03625578433275223, 0.0016843789489939809, 0.04648696258664131, -0.07335314899682999, 0.05555826798081398, 0.03032011352479458, -0.06632545590400696, -0.0005367282428778708, -0.023928115144371986, 0.007743834052234888, 0.013556725345551968, 0.02784791961312294, 0.02492729388177395, -0.017600279301404953, -0.02979155257344246, -0.049101684242486954, -0.08102159947156906, 0.08505935221910477, 0.007952134124934673, 0.005674344953149557, -0.038147471845149994, 0.05357121303677559, -0.015116287395358086, -0.011460940353572369, -0.05434255674481392, -0.004553731996566057, -0.04481342434883118, -0.02908618375658989, -0.015881676226854324, 0.04375287517905235, -0.022790245711803436, -0.03764941170811653, 0.026690322905778885, -0.0032178680412471294, 0.05751575529575348, 0.00027620125911198556, 0.00751467002555728, 0.007142980117350817, -0.014543058350682259, 0.011226831004023552, -0.018106838688254356, 0.06665432453155518, -0.002360986080020666, 0.00034486129879951477, -0.0028576147742569447, 0.032260071486234665, 0.0070891850627958775, 0.0403527207672596, -0.013894520699977875], 'file_path': '/home/user/rag_service/temp_files/fc36e295_02a86af11f.docx'}}, {'text': 'SSL应用安全网关可用于保护企业内部网络免受恶意攻击、数据泄露和未经授权访问的威胁。它可以检测和阻止恶意软件、病毒和入侵尝试，并提供强大的身份验证和访问控制功能。产品特点\n全面支持国密算法达到完全合规和自主可控\n采用符合国家密码管理局颁布的国密算法以及二级安全等级要求的安全芯片、双路随机数芯片、国密算法芯片等，支持多种国内自主研制的硬件密码算法，采用硬件密码模块进行密码算法运算，支持国密SM1/SM2/SM3/SM4等算法。采用SM2国密数字证书实现登录用户的可信身份认证，完全合规和自主可控。多级分权分级管理策略提高安全访问级别\nSCV2000-SSL安全网关采用分级、分权管理策略，具备独立的系统管理员、安全管理员、审计管理员角色，不同管理员之间权限分离。管理员和普通用户需持有带SM2国密数字证书的智能密码钥匙和登录口令相结合的“双因子”认证方式，进行可信身份鉴别后才能登录系统。同时安全网关设有黑白名单访问控制功能，严防非法用户访问，提高安全访问等级。多种高可靠高并发技术保障运行的安全和保护用户的投资\nSCV2000-SSL安全网关支持负载均衡、双机热备等工作模式。通过双机热备技术，当安全网关出现故障时，主、备机实现无缝切换，确保用户业务不间断运行，增强用户网络健壮性。运行在集群部署方式，系统自动监测用户接入数量、数据吞吐量等重要参数，将用户访问业务自动平衡、分摊到不同的网关设备执行，全面提升设备高并发和用户访问体验。通过灵活的组网和部署方式，使得用户可以以最少的投入，实现最大的密码算力支撑和安全保障，有效保护用户的投资。全面支持PKI标准体系结构提高网络安全等级\n随着VPN技术在党务、军工、政府、金融等高安全性要求领域的应用不断深入，用户对VPN网络的认证功能与其原有的PKI体系进行无缝结合的需求也越来越强烈。SCV2000-SSL安全网关产品全面支持标准PKI体系结构，既能够通过内置的CA模块独立为用户签发数字证书，又能够通过导入CA根证书＋CRL列表方式对第三方CA签发的证书进行认证，同时还能够通过OCSP/LDAP等标准协议向第三方CA提交在线证书认真请求。具体PKI功能包括：\n支持标准X509.', 'score': 9.176752090454102, 'metadata': {'text': 'SSL应用安全网关可用于保护企业内部网络免受恶意攻击、数据泄露和未经授权访问的威胁。它可以检测和阻止恶意软件、病毒和入侵尝试，并提供强大的身份验证和访问控制功能。产品特点\n全面支持国密算法达到完全合规和自主可控\n采用符合国家密码管理局颁布的国密算法以及二级安全等级要求的安全芯片、双路随机数芯片、国密算法芯片等，支持多种国内自主研制的硬件密码算法，采用硬件密码模块进行密码算法运算，支持国密SM1/SM2/SM3/SM4等算法。采用SM2国密数字证书实现登录用户的可信身份认证，完全合规和自主可控。多级分权分级管理策略提高安全访问级别\nSCV2000-SSL安全网关采用分级、分权管理策略，具备独立的系统管理员、安全管理员、审计管理员角色，不同管理员之间权限分离。管理员和普通用户需持有带SM2国密数字证书的智能密码钥匙和登录口令相结合的“双因子”认证方式，进行可信身份鉴别后才能登录系统。同时安全网关设有黑白名单访问控制功能，严防非法用户访问，提高安全访问等级。多种高可靠高并发技术保障运行的安全和保护用户的投资\nSCV2000-SSL安全网关支持负载均衡、双机热备等工作模式。通过双机热备技术，当安全网关出现故障时，主、备机实现无缝切换，确保用户业务不间断运行，增强用户网络健壮性。运行在集群部署方式，系统自动监测用户接入数量、数据吞吐量等重要参数，将用户访问业务自动平衡、分摊到不同的网关设备执行，全面提升设备高并发和用户访问体验。通过灵活的组网和部署方式，使得用户可以以最少的投入，实现最大的密码算力支撑和安全保障，有效保护用户的投资。全面支持PKI标准体系结构提高网络安全等级\n随着VPN技术在党务、军工、政府、金融等高安全性要求领域的应用不断深入，用户对VPN网络的认证功能与其原有的PKI体系进行无缝结合的需求也越来越强烈。SCV2000-SSL安全网关产品全面支持标准PKI体系结构，既能够通过内置的CA模块独立为用户签发数字证书，又能够通过导入CA根证书＋CRL列表方式对第三方CA签发的证书进行认证，同时还能够通过OCSP/LDAP等标准协议向第三方CA提交在线证书认真请求。具体PKI功能包括：\n支持标准X509.', 'sentences': ['SSL应用安全网关可用于保护企业内部网络免受恶意攻击、数据泄露和未经授权访问的威胁。', '它可以检测和阻止恶意软件、病毒和入侵尝试，并提供强大的身份验证和访问控制功能。', '产品特点\n全面支持国密算法达到完全合规和自主可控\n采用符合国家密码管理局颁布的国密算法以及二级安全等级要求的安全芯片、双路随机数芯片、国密算法芯片等，支持多种国内自主研制的硬件密码算法，采用硬件密码模块进行密码算法运算，支持国密SM1/SM2/SM3/SM4等算法。', '采用SM2国密数字证书实现登录用户的可信身份认证，完全合规和自主可控。', '多级分权分级管理策略提高安全访问级别\nSCV2000-SSL安全网关采用分级、分权管理策略，具备独立的系统管理员、安全管理员、审计管理员角色，不同管理员之间权限分离。', '管理员和普通用户需持有带SM2国密数字证书的智能密码钥匙和登录口令相结合的“双因子”认证方式，进行可信身份鉴别后才能登录系统。', '同时安全网关设有黑白名单访问控制功能，严防非法用户访问，提高安全访问等级。', '多种高可靠高并发技术保障运行的安全和保护用户的投资\nSCV2000-SSL安全网关支持负载均衡、双机热备等工作模式。', '通过双机热备技术，当安全网关出现故障时，主、备机实现无缝切换，确保用户业务不间断运行，增强用户网络健壮性。', '运行在集群部署方式，系统自动监测用户接入数量、数据吞吐量等重要参数，将用户访问业务自动平衡、分摊到不同的网关设备执行，全面提升设备高并发和用户访问体验。', '通过灵活的组网和部署方式，使得用户可以以最少的投入，实现最大的密码算力支撑和安全保障，有效保护用户的投资。', '全面支持PKI标准体系结构提高网络安全等级\n随着VPN技术在党务、军工、政府、金融等高安全性要求领域的应用不断深入，用户对VPN网络的认证功能与其原有的PKI体系进行无缝结合的需求也越来越强烈。', 'SCV2000-SSL安全网关产品全面支持标准PKI体系结构，既能够通过内置的CA模块独立为用户签发数字证书，又能够通过导入CA根证书＋CRL列表方式对第三方CA签发的证书进行认证，同时还能够通过OCSP/LDAP等标准协议向第三方CA提交在线证书认真请求。', '具体PKI功能包括：\n支持标准X509.'], 'metadata': {'char_count': 918, 'sentence_count': 14, 'file_name': 'd8dc0dc6_004d6f00d4.docx', 'file_path': '/home/user/rag_service/temp_files/d8dc0dc6_004d6f00d4.docx'}, 'embedding': [-0.0027419610414654016, -0.02980904094874859, -0.003301729913800955, -0.0376419760286808, 0.004358600825071335, -0.02282574400305748, 0.0016504586674273014, -0.07832039892673492, 0.06994903087615967, 0.023985033854842186, 0.023445535451173782, 0.07869227230548859, 0.026148099452257156, -0.05332915484905243, 0.042373593896627426, 0.025012502446770668, -0.0055132959969341755, -0.02091773971915245, -0.042286261916160583, -0.021258462220430374, -0.004513695370405912, -0.005432980600744486, 0.033082712441682816, 0.02445940673351288, 0.011397900059819221, 0.04062465950846672, 0.043121617287397385, -0.028995268046855927, -0.018379107117652893, -0.0376456081867218, -0.03563804179430008, 0.09459913522005081, -0.029795028269290924, -0.024182576686143875, -0.012220296077430248, 0.028322577476501465, -0.07657318562269211, 0.008925250731408596, 0.00799802877008915, -0.012968423776328564, 0.020678702741861343, -0.011236374266445637, -0.027661625295877457, 0.04219845309853554, -0.006073866970837116, 0.031136540696024895, 0.047955431044101715, 0.0010986601701006293, -0.03424392268061638, -0.004820006433874369, -0.010425982996821404, 0.170925110578537, 0.011235238052904606, -0.029224079102277756, -0.005841520149260759, 0.032466161996126175, -0.030312392860651016, 0.060382723808288574, -0.014604107476770878, -0.01061881985515356, -0.028629161417484283, -0.010793103836476803, 0.0011086437152698636, -0.0972510427236557, -0.05945436283946037, -0.019101208075881004, -0.07049726694822311, -0.032643988728523254, 0.026362532749772072, -0.014604723080992699, 0.02555996924638748, 0.015501164831221104, -0.021525202319025993, -0.05452145263552666, 0.0622636154294014, 0.01221933588385582, -0.020023059099912643, 0.009503643959760666, -0.011454996652901173, -0.029880983754992485, -0.0019790404476225376, 0.03917983919382095, -0.006738557945936918, -0.027524027973413467, -0.01805109716951847, -0.03486429527401924, -0.021404944360256195, 0.026699459180235863, -0.013407857157289982, -0.022890252992510796, -0.01391548104584217, 0.023405011743307114, 0.009913585148751736, -0.00687377480790019, -0.02511347457766533, -0.019393956288695335, 0.021503377705812454, 0.06347198784351349, 0.007770818658173084, 0.043135251849889755, -0.018949052318930626, 0.055702582001686096, 0.01094534806907177, 0.009110747836530209, -0.04583102464675903, 0.03026922605931759, 0.07954122126102448, -0.0188289862126112, -0.04532528296113014, -0.011485598050057888, -0.014569220133125782, 0.019527792930603027, 0.06444098055362701, 0.0392327606678009, 0.004469921346753836, 0.02732125297188759, 0.03382113575935364, -0.018503541126847267, 0.08377295732498169, 0.004172646440565586, -0.005170927383005619, -0.05292602628469467, 0.028524238616228104, -0.019851598888635635, 0.020389966666698456, 0.002282097004354, 0.030973125249147415, -0.00019405910279601812, -0.02003023959696293, 0.009751281701028347, -0.04054197669029236, 0.0481160432100296, 0.012872520834207535, -0.024536194279789925, 0.0007161118555814028, -0.03751899674534798, 0.003978877328336239, -0.02061634138226509, -0.02475949004292488, 0.06804762780666351, -0.0755358412861824, -0.00274487747810781, -0.07052860409021378, -0.010343009606003761, 0.011087694205343723, -0.01952231116592884, -0.005039471201598644, 0.004870230797678232, -0.03067183680832386, -0.0696430429816246, -0.008709125220775604, -0.0019828604999929667, -0.010203490033745766, -0.026921788230538368, -0.01211484707891941, -0.054181937128305435, 0.04708433896303177, 0.09130994975566864, -0.02350047416985035, -0.06099638715386391, -0.024799687787890434, -0.013140632770955563, -0.0035231970250606537, -0.004716079216450453, -0.07863597571849823, 0.005378715228289366, 0.018327290192246437, -0.004735632333904505, 0.029972730204463005, -0.052360888570547104, -0.008886163122951984, -0.006121698301285505, -0.006958485580980778, 0.05909261852502823, 0.027521423995494843, -0.04314050450921059, -0.007928309962153435, -0.03493908792734146, 0.004626363981515169, 0.02859438583254814, 0.00490631815046072, -0.016820130869746208, 0.0011629100190475583, 0.010384545661509037, -0.0819019228219986, 0.044741179794073105, 0.03351164609193802, 0.0058961412869393826, 0.006356800906360149, -0.0026344454381614923, -0.02721255086362362, -0.01757076196372509, -0.028792602941393852, -0.05795340985059738, -0.013674350455403328, 0.017835799604654312, -0.041518233716487885, 0.04384525865316391, -0.011083756573498249, -0.0060329921543598175, -0.028073007240891457, -0.011406049132347107, -0.0015265134861692786, -0.006385707296431065, -0.006432259920984507, 0.011005157604813576, -0.08460993319749832, 0.006751496344804764, -0.011310470290482044, -0.00693280715495348, 0.03158342093229294, 0.030166856944561005, -0.019359270110726357, 0.01985253393650055, 0.021379439160227776, -0.014602180570363998, -0.07324450463056564, -0.06065841391682625, -0.04877835884690285, -0.03991621732711792, -0.015015671029686928, -0.006128823850303888, 0.01818392425775528, 0.0323953852057457, -0.029131270945072174, 0.02624569460749626, 0.01083716657012701, -0.027442149817943573, -0.01928531564772129, 0.003803775878623128, 0.025600410997867584, 0.013097475282847881, -0.015629446133971214, 0.04317418858408928, -0.026772884652018547, -0.014469226822257042, 0.004958145320415497, -0.030523018911480904, -0.019266482442617416, 0.007637748494744301, 0.02392691932618618, -0.014516596682369709, -0.06558088213205338, -0.008999206125736237, -0.006997840479016304, -0.022359253838658333, -0.016342343762516975, -0.00917273759841919, -0.03784960135817528, -0.014263968914747238, -0.05935424938797951, 0.009304814040660858, -0.018731428310275078, 0.055391743779182434, 0.027500150725245476, -0.028126949444413185, -0.016029568389058113, -0.06540589779615402, 0.033602163195610046, 0.010875171050429344, -0.024045176804065704, 0.015048656612634659, 0.008969167247414589, -0.009956782683730125, 0.06331078708171844, 0.017976699396967888, -0.005764899309724569, 0.026094021275639534, 0.01095766294747591, -0.023980949074029922, 0.03960480913519859, 0.017948446795344353, 0.007563463877886534, 0.07047107070684433, -0.07862729579210281, 0.023122459650039673, 0.005231308285146952, 0.03269409388303757, -0.006978371646255255, -0.015088462270796299, -0.04316026717424393, -0.0653316006064415, 0.0210249200463295, -0.011118759401142597, -0.018744107335805893, -0.032073814421892166, -0.028087865561246872, -0.02290278673171997, -0.011952783912420273, -0.014171622693538666, -0.027891945093870163, -0.00024347731960006058, -0.06929322332143784, -0.008852553553879261, 0.1911734789609909, -0.010491306893527508, 0.005034646485000849, 0.02762533910572529, 0.033858876675367355, 0.028469637036323547, 0.031973447650671005, -0.026895327493548393, -0.012216605246067047, 0.019098900258541107, 0.000547767907846719, -0.0418391190469265, -0.015568629838526249, -0.01585542969405651, -0.01173934992402792, -0.0108750369399786, -0.007508196868002415, 0.010902659967541695, 0.008176044560968876, -0.022062331438064575, 0.008064959198236465, -0.004757349379360676, -0.015736106783151627, 0.01736420765519142, -0.04384259134531021, 0.005473106633871794, -0.02257387898862362, -0.05058833211660385, 0.006562938913702965, -0.005047247279435396, 0.022413957864046097, 0.02541111223399639, -0.004594472236931324, -0.03691595047712326, -0.0465797558426857, 0.04085354134440422, 0.10111729800701141, -0.06035791337490082, -0.014213700778782368, 0.044091302901506424, -0.013613758608698845, 0.029754234477877617, 0.04865584149956703, 0.023064900189638138, 0.0567837618291378, 0.007775303442031145, 0.019271325320005417, 0.0888572409749031, -0.0021506266202777624, -0.00939797330647707, 0.009149739518761635, -0.011689321137964725, 0.01780771091580391, -0.0557699054479599, -0.0355675034224987, -0.031240379437804222, -0.045164063572883606, -0.01480022445321083, -0.014536255970597267, -0.0028027065563946962, 0.012259102426469326, -0.017605140805244446, -0.04039974510669708, -0.011049658991396427, 0.02090754732489586, 0.04756404459476471, 0.0744566023349762, 0.01143069937825203, -0.012109855189919472, 0.008356009609997272, -0.016918567940592766, 0.034618813544511795, 0.030429808422923088, 0.060449469834566116, -0.001654906664043665, -0.030674146488308907, 0.1149570494890213, -0.005796936806291342, -0.008048154413700104, 0.06794161349534988, 0.011033975519239902, -0.02727210521697998, -0.0010485915699973702, 0.010601862333714962, -0.04012991860508919, -0.028127774596214294, -0.018220627680420876, -0.03085147775709629, -0.0685851126909256, 0.06213190034031868, -0.01783987134695053, 0.014947248622775078, -0.028906764462590218, -0.09259532392024994, -0.09866640716791153, -0.0448077954351902, 0.03310517594218254, -0.011313279159367085, 0.013277959078550339, 0.021691201254725456, 0.030321916565299034, -0.03193025290966034, -0.03381991386413574, -0.00923374854028225, 0.06200031936168671, 0.03899366408586502, 0.0690152570605278, 0.025652792304754257, 0.04213327169418335, -0.03901411592960358, 0.015544799156486988, 0.044520314782857895, -0.0022177547216415405, -6.208099512150511e-05, -0.017663903534412384, -0.03413990139961243, -0.049641940742731094, -0.019457891583442688, -0.0355406329035759, -0.02028300240635872, 0.09168914705514908, 0.030371826142072678, 0.06759261339902878, 0.006912667769938707, 0.05285848304629326, -0.03800977021455765, 0.02737409435212612, 0.0011976518435403705, 0.019773690029978752, -0.006067438516765833, -0.010124392807483673, 0.02133927121758461, -0.004865254275500774, -0.03860006853938103, 0.0331651009619236, -0.03044719435274601, -0.01683628559112549, 0.044024597853422165, 0.005423590540885925, 0.036196645349264145, 0.016515696421265602, -0.013871456496417522, 0.03668278455734253, 0.02890118770301342, -0.033454231917858124, -0.02548322267830372, -0.0216678436845541, 0.016999002546072006, -0.017868634313344955, -0.04878074303269386, 0.006217511370778084, -0.05055483058094978, 0.03366069868206978, -0.017594901844859123, -0.03955645114183426, 0.0060529690235853195, 0.023099757730960846, 0.057747792452573776, -0.08214206993579865, -0.016125407069921494, -0.012777268886566162, 0.02246284857392311, -0.019284263253211975, -0.03674480691552162, -0.04664928466081619, -0.005645427852869034, 0.009781919419765472, 0.008608263917267323, -0.014170347712934017, -0.007019327953457832, -0.03105071373283863, 0.0661185011267662, -0.022973645478487015, 0.09197331219911575, 0.023483408614993095, -0.03926877677440643, -0.0018809562316164374, -0.032092541456222534, -0.009589135646820068, 0.03479721397161484, 0.008999974466860294, 0.04187113791704178, -0.00807312410324812, -0.022591371089220047, -0.027406949549913406, -0.07431261241436005, 0.025638386607170105, -0.006360936909914017, -0.0001656875538174063, -0.037360064685344696, -0.009607253596186638, 0.016637057065963745, -0.0018373713828623295, -0.016847999766469002, 0.009688924066722393, -0.037739552557468414, -0.039954911917448044, 0.012302719987928867, 0.06220434978604317, -0.025128692388534546, 0.029339011758565903, 0.05570977181196213, -0.00030606414657086134, 0.10122887790203094, -0.02388094738125801, 0.008502491749823093, -0.021225593984127045, -0.02841048501431942, 0.03831009194254875, 0.019156254827976227, 0.0584469810128212, -0.041464775800704956, 0.04390973225235939, 0.01625772938132286, 0.03531314805150032, -0.01602780632674694, 0.03700120002031326, -0.00249834475107491], 'file_path': '/home/user/rag_service/temp_files/d8dc0dc6_004d6f00d4.docx'}}]}/home/user/miniconda3/envs/rag/lib/python3.9/site-packages/gradio_client/documentation.py:106: UserWarning: Could not get documentation group for <class 'gradio.mix.Parallel'>: No known documentation group for module 'gradio.mix'
  warnings.warn(f"Could not get documentation group for {cls}: {exc}")
/home/user/miniconda3/envs/rag/lib/python3.9/site-packages/gradio_client/documentation.py:106: UserWarning: Could not get documentation group for <class 'gradio.mix.Series'>: No known documentation group for module 'gradio.mix'
  warnings.warn(f"Could not get documentation group for {cls}: {exc}")
